{"/Users/bryan/src/Aisle3/src-tauri/target/debug/build/aisle3-06272dd8b640aad6/out/__global-api-script.js": {"path":"/Users/bryan/src/Aisle3/src-tauri/target/debug/build/aisle3-06272dd8b640aad6/out/__global-api-script.js","all":true,"statementMap":{"0":{"start":{"line":1,"column":0},"end":{"line":1,"column":213}}},"s":{"0":0},"branchMap":{"0":{"type":"branch","line":1,"loc":{"start":{"line":1,"column":0},"end":{"line":1,"column":213}},"locations":[{"start":{"line":1,"column":0},"end":{"line":1,"column":213}}]}},"b":{"0":[0]},"fnMap":{"0":{"name":"(empty-report)","decl":{"start":{"line":1,"column":0},"end":{"line":1,"column":213}},"loc":{"start":{"line":1,"column":0},"end":{"line":1,"column":213}},"line":1}},"f":{"0":0}}
,"/Users/bryan/src/Aisle3/src-tauri/target/debug/build/aisle3-0b546ca93f63a769/out/__global-api-script.js": {"path":"/Users/bryan/src/Aisle3/src-tauri/target/debug/build/aisle3-0b546ca93f63a769/out/__global-api-script.js","all":true,"statementMap":{"0":{"start":{"line":1,"column":0},"end":{"line":1,"column":213}}},"s":{"0":0},"branchMap":{"0":{"type":"branch","line":1,"loc":{"start":{"line":1,"column":0},"end":{"line":1,"column":213}},"locations":[{"start":{"line":1,"column":0},"end":{"line":1,"column":213}}]}},"b":{"0":[0]},"fnMap":{"0":{"name":"(empty-report)","decl":{"start":{"line":1,"column":0},"end":{"line":1,"column":213}},"loc":{"start":{"line":1,"column":0},"end":{"line":1,"column":213}},"line":1}},"f":{"0":0}}
,"/Users/bryan/src/Aisle3/src-tauri/target/debug/build/aisle3-4f0788d5e91008c0/out/__global-api-script.js": {"path":"/Users/bryan/src/Aisle3/src-tauri/target/debug/build/aisle3-4f0788d5e91008c0/out/__global-api-script.js","all":true,"statementMap":{"0":{"start":{"line":1,"column":0},"end":{"line":1,"column":213}}},"s":{"0":0},"branchMap":{"0":{"type":"branch","line":1,"loc":{"start":{"line":1,"column":0},"end":{"line":1,"column":213}},"locations":[{"start":{"line":1,"column":0},"end":{"line":1,"column":213}}]}},"b":{"0":[0]},"fnMap":{"0":{"name":"(empty-report)","decl":{"start":{"line":1,"column":0},"end":{"line":1,"column":213}},"loc":{"start":{"line":1,"column":0},"end":{"line":1,"column":213}},"line":1}},"f":{"0":0}}
,"/Users/bryan/src/Aisle3/src-tauri/target/debug/build/aisle3-568c7ca06521527c/out/__global-api-script.js": {"path":"/Users/bryan/src/Aisle3/src-tauri/target/debug/build/aisle3-568c7ca06521527c/out/__global-api-script.js","all":true,"statementMap":{"0":{"start":{"line":1,"column":0},"end":{"line":1,"column":213}}},"s":{"0":0},"branchMap":{"0":{"type":"branch","line":1,"loc":{"start":{"line":1,"column":0},"end":{"line":1,"column":213}},"locations":[{"start":{"line":1,"column":0},"end":{"line":1,"column":213}}]}},"b":{"0":[0]},"fnMap":{"0":{"name":"(empty-report)","decl":{"start":{"line":1,"column":0},"end":{"line":1,"column":213}},"loc":{"start":{"line":1,"column":0},"end":{"line":1,"column":213}},"line":1}},"f":{"0":0}}
,"/Users/bryan/src/Aisle3/src-tauri/target/debug/build/aisle3-613e3331d3b379d4/out/__global-api-script.js": {"path":"/Users/bryan/src/Aisle3/src-tauri/target/debug/build/aisle3-613e3331d3b379d4/out/__global-api-script.js","all":true,"statementMap":{"0":{"start":{"line":1,"column":0},"end":{"line":1,"column":213}}},"s":{"0":0},"branchMap":{"0":{"type":"branch","line":1,"loc":{"start":{"line":1,"column":0},"end":{"line":1,"column":213}},"locations":[{"start":{"line":1,"column":0},"end":{"line":1,"column":213}}]}},"b":{"0":[0]},"fnMap":{"0":{"name":"(empty-report)","decl":{"start":{"line":1,"column":0},"end":{"line":1,"column":213}},"loc":{"start":{"line":1,"column":0},"end":{"line":1,"column":213}},"line":1}},"f":{"0":0}}
,"/Users/bryan/src/Aisle3/src-tauri/target/debug/build/aisle3-7e651273bdcde6da/out/__global-api-script.js": {"path":"/Users/bryan/src/Aisle3/src-tauri/target/debug/build/aisle3-7e651273bdcde6da/out/__global-api-script.js","all":true,"statementMap":{"0":{"start":{"line":1,"column":0},"end":{"line":1,"column":213}}},"s":{"0":0},"branchMap":{"0":{"type":"branch","line":1,"loc":{"start":{"line":1,"column":0},"end":{"line":1,"column":213}},"locations":[{"start":{"line":1,"column":0},"end":{"line":1,"column":213}}]}},"b":{"0":[0]},"fnMap":{"0":{"name":"(empty-report)","decl":{"start":{"line":1,"column":0},"end":{"line":1,"column":213}},"loc":{"start":{"line":1,"column":0},"end":{"line":1,"column":213}},"line":1}},"f":{"0":0}}
,"/Users/bryan/src/Aisle3/src-tauri/target/debug/build/aisle3-82373f34e45452a8/out/__global-api-script.js": {"path":"/Users/bryan/src/Aisle3/src-tauri/target/debug/build/aisle3-82373f34e45452a8/out/__global-api-script.js","all":true,"statementMap":{"0":{"start":{"line":1,"column":0},"end":{"line":1,"column":213}}},"s":{"0":0},"branchMap":{"0":{"type":"branch","line":1,"loc":{"start":{"line":1,"column":0},"end":{"line":1,"column":213}},"locations":[{"start":{"line":1,"column":0},"end":{"line":1,"column":213}}]}},"b":{"0":[0]},"fnMap":{"0":{"name":"(empty-report)","decl":{"start":{"line":1,"column":0},"end":{"line":1,"column":213}},"loc":{"start":{"line":1,"column":0},"end":{"line":1,"column":213}},"line":1}},"f":{"0":0}}
,"/Users/bryan/src/Aisle3/src-tauri/target/debug/build/aisle3-b06a9b18b3f800d1/out/__global-api-script.js": {"path":"/Users/bryan/src/Aisle3/src-tauri/target/debug/build/aisle3-b06a9b18b3f800d1/out/__global-api-script.js","all":true,"statementMap":{"0":{"start":{"line":1,"column":0},"end":{"line":1,"column":213}}},"s":{"0":0},"branchMap":{"0":{"type":"branch","line":1,"loc":{"start":{"line":1,"column":0},"end":{"line":1,"column":213}},"locations":[{"start":{"line":1,"column":0},"end":{"line":1,"column":213}}]}},"b":{"0":[0]},"fnMap":{"0":{"name":"(empty-report)","decl":{"start":{"line":1,"column":0},"end":{"line":1,"column":213}},"loc":{"start":{"line":1,"column":0},"end":{"line":1,"column":213}},"line":1}},"f":{"0":0}}
,"/Users/bryan/src/Aisle3/src-tauri/target/debug/build/aisle3-b0c9e3a2bcba808f/out/__global-api-script.js": {"path":"/Users/bryan/src/Aisle3/src-tauri/target/debug/build/aisle3-b0c9e3a2bcba808f/out/__global-api-script.js","all":true,"statementMap":{"0":{"start":{"line":1,"column":0},"end":{"line":1,"column":213}}},"s":{"0":0},"branchMap":{"0":{"type":"branch","line":1,"loc":{"start":{"line":1,"column":0},"end":{"line":1,"column":213}},"locations":[{"start":{"line":1,"column":0},"end":{"line":1,"column":213}}]}},"b":{"0":[0]},"fnMap":{"0":{"name":"(empty-report)","decl":{"start":{"line":1,"column":0},"end":{"line":1,"column":213}},"loc":{"start":{"line":1,"column":0},"end":{"line":1,"column":213}},"line":1}},"f":{"0":0}}
,"/Users/bryan/src/Aisle3/src-tauri/target/debug/build/aisle3-eb53014431edf662/out/__global-api-script.js": {"path":"/Users/bryan/src/Aisle3/src-tauri/target/debug/build/aisle3-eb53014431edf662/out/__global-api-script.js","all":true,"statementMap":{"0":{"start":{"line":1,"column":0},"end":{"line":1,"column":213}}},"s":{"0":0},"branchMap":{"0":{"type":"branch","line":1,"loc":{"start":{"line":1,"column":0},"end":{"line":1,"column":213}},"locations":[{"start":{"line":1,"column":0},"end":{"line":1,"column":213}}]}},"b":{"0":[0]},"fnMap":{"0":{"name":"(empty-report)","decl":{"start":{"line":1,"column":0},"end":{"line":1,"column":213}},"loc":{"start":{"line":1,"column":0},"end":{"line":1,"column":213}},"line":1}},"f":{"0":0}}
,"/Users/bryan/src/Aisle3/src-tauri/target/release/build/aisle3-02a39115e2abfddc/out/__global-api-script.js": {"path":"/Users/bryan/src/Aisle3/src-tauri/target/release/build/aisle3-02a39115e2abfddc/out/__global-api-script.js","all":true,"statementMap":{"0":{"start":{"line":1,"column":0},"end":{"line":1,"column":213}}},"s":{"0":0},"branchMap":{"0":{"type":"branch","line":1,"loc":{"start":{"line":1,"column":0},"end":{"line":1,"column":213}},"locations":[{"start":{"line":1,"column":0},"end":{"line":1,"column":213}}]}},"b":{"0":[0]},"fnMap":{"0":{"name":"(empty-report)","decl":{"start":{"line":1,"column":0},"end":{"line":1,"column":213}},"loc":{"start":{"line":1,"column":0},"end":{"line":1,"column":213}},"line":1}},"f":{"0":0}}
,"/Users/bryan/src/Aisle3/src-tauri/target/release/build/aisle3-24a4125d1ce337dc/out/__global-api-script.js": {"path":"/Users/bryan/src/Aisle3/src-tauri/target/release/build/aisle3-24a4125d1ce337dc/out/__global-api-script.js","all":true,"statementMap":{"0":{"start":{"line":1,"column":0},"end":{"line":1,"column":213}}},"s":{"0":0},"branchMap":{"0":{"type":"branch","line":1,"loc":{"start":{"line":1,"column":0},"end":{"line":1,"column":213}},"locations":[{"start":{"line":1,"column":0},"end":{"line":1,"column":213}}]}},"b":{"0":[0]},"fnMap":{"0":{"name":"(empty-report)","decl":{"start":{"line":1,"column":0},"end":{"line":1,"column":213}},"loc":{"start":{"line":1,"column":0},"end":{"line":1,"column":213}},"line":1}},"f":{"0":0}}
,"/Users/bryan/src/Aisle3/src-tauri/target/release/build/aisle3-24a4125d1ce337dc/out/tauri-codegen-assets/06f88cfe68ad4aab980b894d40a2573039683200c021a51df03db63948dffe9b.js": {"path":"/Users/bryan/src/Aisle3/src-tauri/target/release/build/aisle3-24a4125d1ce337dc/out/tauri-codegen-assets/06f88cfe68ad4aab980b894d40a2573039683200c021a51df03db63948dffe9b.js","all":true,"statementMap":{"0":{"start":{"line":1,"column":0},"end":{"line":1,"column":310}},"1":{"start":{"line":2,"column":0},"end":{"line":2,"column":688}},"2":{"start":{"line":3,"column":0},"end":{"line":3,"column":1098}},"3":{"start":{"line":4,"column":0},"end":{"line":4,"column":62}},"4":{"start":{"line":5,"column":0},"end":{"line":5,"column":272}}},"s":{"0":0,"1":0,"2":0,"3":0,"4":0},"branchMap":{"0":{"type":"branch","line":1,"loc":{"start":{"line":1,"column":0},"end":{"line":5,"column":272}},"locations":[{"start":{"line":1,"column":0},"end":{"line":5,"column":272}}]}},"b":{"0":[0]},"fnMap":{"0":{"name":"(empty-report)","decl":{"start":{"line":1,"column":0},"end":{"line":5,"column":272}},"loc":{"start":{"line":1,"column":0},"end":{"line":5,"column":272}},"line":1}},"f":{"0":0}}
,"/Users/bryan/src/Aisle3/src-tauri/target/release/build/aisle3-24a4125d1ce337dc/out/tauri-codegen-assets/1eb07d854f9bc05e0131292eeddc99d752a8970f406e08ae007382f998df7dae.js": {"path":"/Users/bryan/src/Aisle3/src-tauri/target/release/build/aisle3-24a4125d1ce337dc/out/tauri-codegen-assets/1eb07d854f9bc05e0131292eeddc99d752a8970f406e08ae007382f998df7dae.js","all":true,"statementMap":{"0":{"start":{"line":1,"column":0},"end":{"line":1,"column":24}},"1":{"start":{"line":2,"column":0},"end":{"line":2,"column":115}}},"s":{"0":0,"1":0},"branchMap":{"0":{"type":"branch","line":1,"loc":{"start":{"line":1,"column":0},"end":{"line":2,"column":115}},"locations":[{"start":{"line":1,"column":0},"end":{"line":2,"column":115}}]}},"b":{"0":[0]},"fnMap":{"0":{"name":"(empty-report)","decl":{"start":{"line":1,"column":0},"end":{"line":2,"column":115}},"loc":{"start":{"line":1,"column":0},"end":{"line":2,"column":115}},"line":1}},"f":{"0":0}}
,"/Users/bryan/src/Aisle3/src-tauri/target/release/build/aisle3-24a4125d1ce337dc/out/tauri-codegen-assets/29a3957960b1c35950d6c145fc4b1e21cce44fad8e144e5f832bada2f638f76f.js": {"path":"/Users/bryan/src/Aisle3/src-tauri/target/release/build/aisle3-24a4125d1ce337dc/out/tauri-codegen-assets/29a3957960b1c35950d6c145fc4b1e21cce44fad8e144e5f832bada2f638f76f.js","all":true,"statementMap":{"0":{"start":{"line":1,"column":0},"end":{"line":1,"column":23}}},"s":{"0":0},"branchMap":{"0":{"type":"branch","line":1,"loc":{"start":{"line":1,"column":0},"end":{"line":1,"column":23}},"locations":[{"start":{"line":1,"column":0},"end":{"line":1,"column":23}}]}},"b":{"0":[0]},"fnMap":{"0":{"name":"(empty-report)","decl":{"start":{"line":1,"column":0},"end":{"line":1,"column":23}},"loc":{"start":{"line":1,"column":0},"end":{"line":1,"column":23}},"line":1}},"f":{"0":0}}
,"/Users/bryan/src/Aisle3/src-tauri/target/release/build/aisle3-24a4125d1ce337dc/out/tauri-codegen-assets/320e94fec9014b3b811a2a08eabd13f539eb1804d9b872ca6c921cd472b1eeae.js": {"path":"/Users/bryan/src/Aisle3/src-tauri/target/release/build/aisle3-24a4125d1ce337dc/out/tauri-codegen-assets/320e94fec9014b3b811a2a08eabd13f539eb1804d9b872ca6c921cd472b1eeae.js","all":true,"statementMap":{"0":{"start":{"line":1,"column":0},"end":{"line":1,"column":172}},"1":{"start":{"line":2,"column":0},"end":{"line":2,"column":811}},"2":{"start":{"line":3,"column":0},"end":{"line":3,"column":379}},"3":{"start":{"line":4,"column":0},"end":{"line":4,"column":213}}},"s":{"0":0,"1":0,"2":0,"3":0},"branchMap":{"0":{"type":"branch","line":1,"loc":{"start":{"line":1,"column":0},"end":{"line":4,"column":213}},"locations":[{"start":{"line":1,"column":0},"end":{"line":4,"column":213}}]}},"b":{"0":[0]},"fnMap":{"0":{"name":"(empty-report)","decl":{"start":{"line":1,"column":0},"end":{"line":4,"column":213}},"loc":{"start":{"line":1,"column":0},"end":{"line":4,"column":213}},"line":1}},"f":{"0":0}}
,"/Users/bryan/src/Aisle3/src-tauri/target/release/build/aisle3-24a4125d1ce337dc/out/tauri-codegen-assets/4b5d6c51632f9efb4b52580b38e335704c3aaf26ce7f557f5493ba11764f0c1e.js": {"path":"/Users/bryan/src/Aisle3/src-tauri/target/release/build/aisle3-24a4125d1ce337dc/out/tauri-codegen-assets/4b5d6c51632f9efb4b52580b38e335704c3aaf26ce7f557f5493ba11764f0c1e.js","all":true,"statementMap":{"0":{"start":{"line":1,"column":0},"end":{"line":1,"column":35}},"1":{"start":{"line":2,"column":0},"end":{"line":2,"column":104}},"2":{"start":{"line":3,"column":0},"end":{"line":3,"column":86}},"3":{"start":{"line":4,"column":0},"end":{"line":4,"column":197}},"4":{"start":{"line":5,"column":0},"end":{"line":5,"column":208}},"5":{"start":{"line":6,"column":0},"end":{"line":6,"column":14}},"6":{"start":{"line":7,"column":0},"end":{"line":7,"column":19}},"7":{"start":{"line":8,"column":0},"end":{"line":8,"column":66}},"8":{"start":{"line":9,"column":0},"end":{"line":9,"column":72}},"9":{"start":{"line":10,"column":0},"end":{"line":10,"column":232}},"10":{"start":{"line":11,"column":0},"end":{"line":11,"column":14}},"11":{"start":{"line":12,"column":0},"end":{"line":12,"column":25}},"12":{"start":{"line":13,"column":0},"end":{"line":13,"column":29}},"13":{"start":{"line":14,"column":0},"end":{"line":14,"column":60}},"14":{"start":{"line":15,"column":0},"end":{"line":15,"column":504}},"15":{"start":{"line":16,"column":0},"end":{"line":16,"column":350}},"16":{"start":{"line":17,"column":0},"end":{"line":17,"column":0}},"17":{"start":{"line":18,"column":0},"end":{"line":18,"column":151}},"18":{"start":{"line":19,"column":0},"end":{"line":19,"column":3}},"19":{"start":{"line":20,"column":0},"end":{"line":20,"column":681}},"20":{"start":{"line":21,"column":0},"end":{"line":21,"column":448}},"21":{"start":{"line":22,"column":0},"end":{"line":22,"column":53}},"22":{"start":{"line":23,"column":0},"end":{"line":23,"column":272}},"23":{"start":{"line":24,"column":0},"end":{"line":24,"column":199}},"24":{"start":{"line":25,"column":0},"end":{"line":25,"column":642}},"25":{"start":{"line":26,"column":0},"end":{"line":26,"column":373}},"26":{"start":{"line":27,"column":0},"end":{"line":27,"column":911}},"27":{"start":{"line":28,"column":0},"end":{"line":28,"column":108}},"28":{"start":{"line":29,"column":0},"end":{"line":29,"column":52}}},"s":{"0":0,"1":0,"2":0,"3":0,"4":0,"5":0,"6":0,"7":0,"8":0,"9":0,"10":0,"11":0,"12":0,"13":0,"14":0,"15":0,"16":0,"17":0,"18":0,"19":0,"20":0,"21":0,"22":0,"23":0,"24":0,"25":0,"26":0,"27":0,"28":0},"branchMap":{"0":{"type":"branch","line":1,"loc":{"start":{"line":1,"column":0},"end":{"line":29,"column":52}},"locations":[{"start":{"line":1,"column":0},"end":{"line":29,"column":52}}]}},"b":{"0":[0]},"fnMap":{"0":{"name":"(empty-report)","decl":{"start":{"line":1,"column":0},"end":{"line":29,"column":52}},"loc":{"start":{"line":1,"column":0},"end":{"line":29,"column":52}},"line":1}},"f":{"0":0}}
,"/Users/bryan/src/Aisle3/src-tauri/target/release/build/aisle3-24a4125d1ce337dc/out/tauri-codegen-assets/4fa16d94556cbc5c76048cd6cfe9b065e4f5acde1c966b819f7cd90dbfec7b56.js": {"path":"/Users/bryan/src/Aisle3/src-tauri/target/release/build/aisle3-24a4125d1ce337dc/out/tauri-codegen-assets/4fa16d94556cbc5c76048cd6cfe9b065e4f5acde1c966b819f7cd90dbfec7b56.js","all":true,"statementMap":{"0":{"start":{"line":1,"column":0},"end":{"line":1,"column":52}},"1":{"start":{"line":2,"column":0},"end":{"line":2,"column":9}},"2":{"start":{"line":3,"column":0},"end":{"line":3,"column":56}},"3":{"start":{"line":4,"column":0},"end":{"line":4,"column":95}},"4":{"start":{"line":5,"column":0},"end":{"line":5,"column":16}}},"s":{"0":0,"1":0,"2":0,"3":0,"4":0},"branchMap":{"0":{"type":"branch","line":1,"loc":{"start":{"line":1,"column":0},"end":{"line":5,"column":16}},"locations":[{"start":{"line":1,"column":0},"end":{"line":5,"column":16}}]}},"b":{"0":[0]},"fnMap":{"0":{"name":"(empty-report)","decl":{"start":{"line":1,"column":0},"end":{"line":5,"column":16}},"loc":{"start":{"line":1,"column":0},"end":{"line":5,"column":16}},"line":1}},"f":{"0":0}}
,"/Users/bryan/src/Aisle3/src-tauri/target/release/build/aisle3-24a4125d1ce337dc/out/tauri-codegen-assets/7bcecf147b65c48f69223d802cba86c9e6b6ce8e807a77442c400492a47e38a1.js": {"path":"/Users/bryan/src/Aisle3/src-tauri/target/release/build/aisle3-24a4125d1ce337dc/out/tauri-codegen-assets/7bcecf147b65c48f69223d802cba86c9e6b6ce8e807a77442c400492a47e38a1.js","all":true,"statementMap":{"0":{"start":{"line":1,"column":0},"end":{"line":1,"column":30}},"1":{"start":{"line":2,"column":0},"end":{"line":2,"column":6}},"2":{"start":{"line":3,"column":0},"end":{"line":3,"column":9}},"3":{"start":{"line":4,"column":0},"end":{"line":4,"column":124}}},"s":{"0":0,"1":0,"2":0,"3":0},"branchMap":{"0":{"type":"branch","line":1,"loc":{"start":{"line":1,"column":0},"end":{"line":4,"column":124}},"locations":[{"start":{"line":1,"column":0},"end":{"line":4,"column":124}}]}},"b":{"0":[0]},"fnMap":{"0":{"name":"(empty-report)","decl":{"start":{"line":1,"column":0},"end":{"line":4,"column":124}},"loc":{"start":{"line":1,"column":0},"end":{"line":4,"column":124}},"line":1}},"f":{"0":0}}
,"/Users/bryan/src/Aisle3/src-tauri/target/release/build/aisle3-24a4125d1ce337dc/out/tauri-codegen-assets/7bd1659497ad95495efdd2806b225ac04cbe1d286c54fca52f8ae28695d7d154.js": {"path":"/Users/bryan/src/Aisle3/src-tauri/target/release/build/aisle3-24a4125d1ce337dc/out/tauri-codegen-assets/7bd1659497ad95495efdd2806b225ac04cbe1d286c54fca52f8ae28695d7d154.js","all":true,"statementMap":{"0":{"start":{"line":1,"column":0},"end":{"line":1,"column":262}},"1":{"start":{"line":2,"column":0},"end":{"line":2,"column":130}},"2":{"start":{"line":3,"column":0},"end":{"line":3,"column":8}},"3":{"start":{"line":4,"column":0},"end":{"line":4,"column":84}},"4":{"start":{"line":5,"column":0},"end":{"line":5,"column":400}},"5":{"start":{"line":6,"column":0},"end":{"line":6,"column":28}},"6":{"start":{"line":7,"column":0},"end":{"line":7,"column":119}},"7":{"start":{"line":8,"column":0},"end":{"line":8,"column":44}},"8":{"start":{"line":9,"column":0},"end":{"line":9,"column":58}},"9":{"start":{"line":10,"column":0},"end":{"line":10,"column":74}},"10":{"start":{"line":11,"column":0},"end":{"line":11,"column":279}},"11":{"start":{"line":12,"column":0},"end":{"line":12,"column":239}},"12":{"start":{"line":13,"column":0},"end":{"line":13,"column":41}},"13":{"start":{"line":14,"column":0},"end":{"line":14,"column":207}}},"s":{"0":0,"1":0,"2":0,"3":0,"4":0,"5":0,"6":0,"7":0,"8":0,"9":0,"10":0,"11":0,"12":0,"13":0},"branchMap":{"0":{"type":"branch","line":1,"loc":{"start":{"line":1,"column":0},"end":{"line":14,"column":207}},"locations":[{"start":{"line":1,"column":0},"end":{"line":14,"column":207}}]}},"b":{"0":[0]},"fnMap":{"0":{"name":"(empty-report)","decl":{"start":{"line":1,"column":0},"end":{"line":14,"column":207}},"loc":{"start":{"line":1,"column":0},"end":{"line":14,"column":207}},"line":1}},"f":{"0":0}}
,"/Users/bryan/src/Aisle3/src-tauri/target/release/build/aisle3-24a4125d1ce337dc/out/tauri-codegen-assets/90fee9ae32faaacd8b816705994edf97ce833c4358d7f029d4fc696bef215337.js": {"path":"/Users/bryan/src/Aisle3/src-tauri/target/release/build/aisle3-24a4125d1ce337dc/out/tauri-codegen-assets/90fee9ae32faaacd8b816705994edf97ce833c4358d7f029d4fc696bef215337.js","all":true,"statementMap":{"0":{"start":{"line":1,"column":0},"end":{"line":1,"column":72}},"1":{"start":{"line":2,"column":0},"end":{"line":2,"column":213}}},"s":{"0":0,"1":0},"branchMap":{"0":{"type":"branch","line":1,"loc":{"start":{"line":1,"column":0},"end":{"line":2,"column":213}},"locations":[{"start":{"line":1,"column":0},"end":{"line":2,"column":213}}]}},"b":{"0":[0]},"fnMap":{"0":{"name":"(empty-report)","decl":{"start":{"line":1,"column":0},"end":{"line":2,"column":213}},"loc":{"start":{"line":1,"column":0},"end":{"line":2,"column":213}},"line":1}},"f":{"0":0}}
,"/Users/bryan/src/Aisle3/src-tauri/target/release/build/aisle3-24a4125d1ce337dc/out/tauri-codegen-assets/9f0736a7e4df5ff6cc5d9673962af10bbe5284f5d9b4fae445b12f004f32feff.js": {"path":"/Users/bryan/src/Aisle3/src-tauri/target/release/build/aisle3-24a4125d1ce337dc/out/tauri-codegen-assets/9f0736a7e4df5ff6cc5d9673962af10bbe5284f5d9b4fae445b12f004f32feff.js","all":true,"statementMap":{"0":{"start":{"line":1,"column":0},"end":{"line":1,"column":41}},"1":{"start":{"line":2,"column":0},"end":{"line":2,"column":1}}},"s":{"0":0,"1":0},"branchMap":{"0":{"type":"branch","line":1,"loc":{"start":{"line":1,"column":0},"end":{"line":2,"column":1}},"locations":[{"start":{"line":1,"column":0},"end":{"line":2,"column":1}}]}},"b":{"0":[0]},"fnMap":{"0":{"name":"(empty-report)","decl":{"start":{"line":1,"column":0},"end":{"line":2,"column":1}},"loc":{"start":{"line":1,"column":0},"end":{"line":2,"column":1}},"line":1}},"f":{"0":0}}
,"/Users/bryan/src/Aisle3/src-tauri/target/release/build/aisle3-24a4125d1ce337dc/out/tauri-codegen-assets/9f13f232e560f7c07d2179691eefeb08cc17bbc5d91b8cf42d97e60527714b2b.js": {"path":"/Users/bryan/src/Aisle3/src-tauri/target/release/build/aisle3-24a4125d1ce337dc/out/tauri-codegen-assets/9f13f232e560f7c07d2179691eefeb08cc17bbc5d91b8cf42d97e60527714b2b.js","all":true,"statementMap":{"0":{"start":{"line":1,"column":0},"end":{"line":1,"column":327}}},"s":{"0":0},"branchMap":{"0":{"type":"branch","line":1,"loc":{"start":{"line":1,"column":0},"end":{"line":1,"column":327}},"locations":[{"start":{"line":1,"column":0},"end":{"line":1,"column":327}}]}},"b":{"0":[0]},"fnMap":{"0":{"name":"(empty-report)","decl":{"start":{"line":1,"column":0},"end":{"line":1,"column":327}},"loc":{"start":{"line":1,"column":0},"end":{"line":1,"column":327}},"line":1}},"f":{"0":0}}
,"/Users/bryan/src/Aisle3/src-tauri/target/release/build/aisle3-24a4125d1ce337dc/out/tauri-codegen-assets/a1cf5cf7915ed81afb6cd806a52df664c9912177a13c1f57b4a0d98b9ffc3276.js": {"path":"/Users/bryan/src/Aisle3/src-tauri/target/release/build/aisle3-24a4125d1ce337dc/out/tauri-codegen-assets/a1cf5cf7915ed81afb6cd806a52df664c9912177a13c1f57b4a0d98b9ffc3276.js","all":true,"statementMap":{"0":{"start":{"line":1,"column":0},"end":{"line":1,"column":298}},"1":{"start":{"line":2,"column":0},"end":{"line":2,"column":428}},"2":{"start":{"line":3,"column":0},"end":{"line":3,"column":86}},"3":{"start":{"line":4,"column":0},"end":{"line":4,"column":815}},"4":{"start":{"line":5,"column":0},"end":{"line":5,"column":158}},"5":{"start":{"line":6,"column":0},"end":{"line":6,"column":200}},"6":{"start":{"line":7,"column":0},"end":{"line":7,"column":1221}},"7":{"start":{"line":8,"column":0},"end":{"line":8,"column":984}},"8":{"start":{"line":9,"column":0},"end":{"line":9,"column":111}},"9":{"start":{"line":10,"column":0},"end":{"line":10,"column":5}},"10":{"start":{"line":11,"column":0},"end":{"line":11,"column":130}},"11":{"start":{"line":12,"column":0},"end":{"line":12,"column":175}},"12":{"start":{"line":13,"column":0},"end":{"line":13,"column":84}},"13":{"start":{"line":14,"column":0},"end":{"line":14,"column":242}},"14":{"start":{"line":15,"column":0},"end":{"line":15,"column":76}},"15":{"start":{"line":16,"column":0},"end":{"line":16,"column":1334}},"16":{"start":{"line":17,"column":0},"end":{"line":17,"column":368}},"17":{"start":{"line":18,"column":0},"end":{"line":18,"column":49}},"18":{"start":{"line":19,"column":0},"end":{"line":19,"column":501}},"19":{"start":{"line":20,"column":0},"end":{"line":20,"column":107}},"20":{"start":{"line":21,"column":0},"end":{"line":21,"column":124}},"21":{"start":{"line":22,"column":0},"end":{"line":22,"column":54}},"22":{"start":{"line":23,"column":0},"end":{"line":23,"column":1}},"23":{"start":{"line":24,"column":0},"end":{"line":24,"column":6}},"24":{"start":{"line":25,"column":0},"end":{"line":25,"column":1434}},"25":{"start":{"line":26,"column":0},"end":{"line":26,"column":34}},"26":{"start":{"line":27,"column":0},"end":{"line":27,"column":287}},"27":{"start":{"line":28,"column":0},"end":{"line":28,"column":227}},"28":{"start":{"line":29,"column":0},"end":{"line":29,"column":13}},"29":{"start":{"line":30,"column":0},"end":{"line":30,"column":77}},"30":{"start":{"line":31,"column":0},"end":{"line":31,"column":308}},"31":{"start":{"line":32,"column":0},"end":{"line":32,"column":199}},"32":{"start":{"line":33,"column":0},"end":{"line":33,"column":150}},"33":{"start":{"line":34,"column":0},"end":{"line":34,"column":311}},"34":{"start":{"line":35,"column":0},"end":{"line":35,"column":3}},"35":{"start":{"line":36,"column":0},"end":{"line":36,"column":519}},"36":{"start":{"line":37,"column":0},"end":{"line":37,"column":357}}},"s":{"0":0,"1":0,"2":0,"3":0,"4":0,"5":0,"6":0,"7":0,"8":0,"9":0,"10":0,"11":0,"12":0,"13":0,"14":0,"15":0,"16":0,"17":0,"18":0,"19":0,"20":0,"21":0,"22":0,"23":0,"24":0,"25":0,"26":0,"27":0,"28":0,"29":0,"30":0,"31":0,"32":0,"33":0,"34":0,"35":0,"36":0},"branchMap":{"0":{"type":"branch","line":1,"loc":{"start":{"line":1,"column":0},"end":{"line":37,"column":357}},"locations":[{"start":{"line":1,"column":0},"end":{"line":37,"column":357}}]}},"b":{"0":[0]},"fnMap":{"0":{"name":"(empty-report)","decl":{"start":{"line":1,"column":0},"end":{"line":37,"column":357}},"loc":{"start":{"line":1,"column":0},"end":{"line":37,"column":357}},"line":1}},"f":{"0":0}}
,"/Users/bryan/src/Aisle3/src-tauri/target/release/build/aisle3-24a4125d1ce337dc/out/tauri-codegen-assets/a855cae717608cd0d2b220fc2683c6545062bb3eec9f502c8becb1aa8d20ef00.js": {"path":"/Users/bryan/src/Aisle3/src-tauri/target/release/build/aisle3-24a4125d1ce337dc/out/tauri-codegen-assets/a855cae717608cd0d2b220fc2683c6545062bb3eec9f502c8becb1aa8d20ef00.js","all":true,"statementMap":{"0":{"start":{"line":1,"column":0},"end":{"line":1,"column":720}},"1":{"start":{"line":2,"column":0},"end":{"line":2,"column":12}},"2":{"start":{"line":3,"column":0},"end":{"line":3,"column":167}},"3":{"start":{"line":4,"column":0},"end":{"line":4,"column":563}},"4":{"start":{"line":5,"column":0},"end":{"line":5,"column":155}},"5":{"start":{"line":6,"column":0},"end":{"line":6,"column":187}},"6":{"start":{"line":7,"column":0},"end":{"line":7,"column":106}},"7":{"start":{"line":8,"column":0},"end":{"line":8,"column":159}},"8":{"start":{"line":9,"column":0},"end":{"line":9,"column":303}},"9":{"start":{"line":10,"column":0},"end":{"line":10,"column":221}},"10":{"start":{"line":11,"column":0},"end":{"line":11,"column":16}},"11":{"start":{"line":12,"column":0},"end":{"line":12,"column":401}},"12":{"start":{"line":13,"column":0},"end":{"line":13,"column":56}},"13":{"start":{"line":14,"column":0},"end":{"line":14,"column":350}},"14":{"start":{"line":15,"column":0},"end":{"line":15,"column":219}},"15":{"start":{"line":16,"column":0},"end":{"line":16,"column":318}},"16":{"start":{"line":17,"column":0},"end":{"line":17,"column":185}},"17":{"start":{"line":18,"column":0},"end":{"line":18,"column":127}},"18":{"start":{"line":19,"column":0},"end":{"line":19,"column":235}},"19":{"start":{"line":20,"column":0},"end":{"line":20,"column":572}},"20":{"start":{"line":21,"column":0},"end":{"line":21,"column":193}},"21":{"start":{"line":22,"column":0},"end":{"line":22,"column":13}},"22":{"start":{"line":23,"column":0},"end":{"line":23,"column":83}},"23":{"start":{"line":24,"column":0},"end":{"line":24,"column":551}},"24":{"start":{"line":25,"column":0},"end":{"line":25,"column":243}},"25":{"start":{"line":26,"column":0},"end":{"line":26,"column":37}},"26":{"start":{"line":27,"column":0},"end":{"line":27,"column":108}},"27":{"start":{"line":28,"column":0},"end":{"line":28,"column":231}},"28":{"start":{"line":29,"column":0},"end":{"line":29,"column":45}},"29":{"start":{"line":30,"column":0},"end":{"line":30,"column":377}},"30":{"start":{"line":31,"column":0},"end":{"line":31,"column":7}},"31":{"start":{"line":32,"column":0},"end":{"line":32,"column":97}},"32":{"start":{"line":33,"column":0},"end":{"line":33,"column":66}},"33":{"start":{"line":34,"column":0},"end":{"line":34,"column":220}},"34":{"start":{"line":35,"column":0},"end":{"line":35,"column":238}},"35":{"start":{"line":36,"column":0},"end":{"line":36,"column":142}},"36":{"start":{"line":37,"column":0},"end":{"line":37,"column":394}},"37":{"start":{"line":38,"column":0},"end":{"line":38,"column":201}},"38":{"start":{"line":39,"column":0},"end":{"line":39,"column":493}},"39":{"start":{"line":40,"column":0},"end":{"line":40,"column":13}},"40":{"start":{"line":41,"column":0},"end":{"line":41,"column":44}},"41":{"start":{"line":42,"column":0},"end":{"line":42,"column":33}},"42":{"start":{"line":43,"column":0},"end":{"line":43,"column":16}},"43":{"start":{"line":44,"column":0},"end":{"line":44,"column":159}},"44":{"start":{"line":45,"column":0},"end":{"line":45,"column":23}},"45":{"start":{"line":46,"column":0},"end":{"line":46,"column":101}},"46":{"start":{"line":47,"column":0},"end":{"line":47,"column":260}},"47":{"start":{"line":48,"column":0},"end":{"line":48,"column":154}},"48":{"start":{"line":49,"column":0},"end":{"line":49,"column":292}},"49":{"start":{"line":50,"column":0},"end":{"line":50,"column":131}},"50":{"start":{"line":51,"column":0},"end":{"line":51,"column":127}},"51":{"start":{"line":52,"column":0},"end":{"line":52,"column":37}},"52":{"start":{"line":53,"column":0},"end":{"line":53,"column":117}},"53":{"start":{"line":54,"column":0},"end":{"line":54,"column":34}},"54":{"start":{"line":55,"column":0},"end":{"line":55,"column":967}},"55":{"start":{"line":56,"column":0},"end":{"line":56,"column":193}},"56":{"start":{"line":57,"column":0},"end":{"line":57,"column":118}},"57":{"start":{"line":58,"column":0},"end":{"line":58,"column":269}},"58":{"start":{"line":59,"column":0},"end":{"line":59,"column":283}},"59":{"start":{"line":60,"column":0},"end":{"line":60,"column":180}},"60":{"start":{"line":61,"column":0},"end":{"line":61,"column":147}},"61":{"start":{"line":62,"column":0},"end":{"line":62,"column":46}},"62":{"start":{"line":63,"column":0},"end":{"line":63,"column":206}},"63":{"start":{"line":64,"column":0},"end":{"line":64,"column":194}},"64":{"start":{"line":65,"column":0},"end":{"line":65,"column":121}},"65":{"start":{"line":66,"column":0},"end":{"line":66,"column":652}},"66":{"start":{"line":67,"column":0},"end":{"line":67,"column":860}},"67":{"start":{"line":68,"column":0},"end":{"line":68,"column":160}},"68":{"start":{"line":69,"column":0},"end":{"line":69,"column":686}},"69":{"start":{"line":70,"column":0},"end":{"line":70,"column":9}},"70":{"start":{"line":71,"column":0},"end":{"line":71,"column":356}},"71":{"start":{"line":72,"column":0},"end":{"line":72,"column":249}},"72":{"start":{"line":73,"column":0},"end":{"line":73,"column":133}},"73":{"start":{"line":74,"column":0},"end":{"line":74,"column":112}},"74":{"start":{"line":75,"column":0},"end":{"line":75,"column":690}},"75":{"start":{"line":76,"column":0},"end":{"line":76,"column":865}},"76":{"start":{"line":77,"column":0},"end":{"line":77,"column":128}},"77":{"start":{"line":78,"column":0},"end":{"line":78,"column":260}},"78":{"start":{"line":79,"column":0},"end":{"line":79,"column":0}},"79":{"start":{"line":80,"column":0},"end":{"line":80,"column":319}},"80":{"start":{"line":81,"column":0},"end":{"line":81,"column":619}},"81":{"start":{"line":82,"column":0},"end":{"line":82,"column":686}},"82":{"start":{"line":83,"column":0},"end":{"line":83,"column":30}},"83":{"start":{"line":84,"column":0},"end":{"line":84,"column":2}},"84":{"start":{"line":85,"column":0},"end":{"line":85,"column":48}},"85":{"start":{"line":86,"column":0},"end":{"line":86,"column":103}},"86":{"start":{"line":87,"column":0},"end":{"line":87,"column":27}},"87":{"start":{"line":88,"column":0},"end":{"line":88,"column":388}},"88":{"start":{"line":89,"column":0},"end":{"line":89,"column":102}},"89":{"start":{"line":90,"column":0},"end":{"line":90,"column":267}},"90":{"start":{"line":91,"column":0},"end":{"line":91,"column":143}},"91":{"start":{"line":92,"column":0},"end":{"line":92,"column":63}},"92":{"start":{"line":93,"column":0},"end":{"line":93,"column":12}},"93":{"start":{"line":94,"column":0},"end":{"line":94,"column":602}},"94":{"start":{"line":95,"column":0},"end":{"line":95,"column":388}},"95":{"start":{"line":96,"column":0},"end":{"line":96,"column":6}},"96":{"start":{"line":97,"column":0},"end":{"line":97,"column":305}},"97":{"start":{"line":98,"column":0},"end":{"line":98,"column":245}},"98":{"start":{"line":99,"column":0},"end":{"line":99,"column":202}},"99":{"start":{"line":100,"column":0},"end":{"line":100,"column":145}},"100":{"start":{"line":101,"column":0},"end":{"line":101,"column":390}},"101":{"start":{"line":102,"column":0},"end":{"line":102,"column":897}},"102":{"start":{"line":103,"column":0},"end":{"line":103,"column":25}},"103":{"start":{"line":104,"column":0},"end":{"line":104,"column":503}},"104":{"start":{"line":105,"column":0},"end":{"line":105,"column":325}},"105":{"start":{"line":106,"column":0},"end":{"line":106,"column":250}},"106":{"start":{"line":107,"column":0},"end":{"line":107,"column":178}},"107":{"start":{"line":108,"column":0},"end":{"line":108,"column":414}},"108":{"start":{"line":109,"column":0},"end":{"line":109,"column":940}},"109":{"start":{"line":110,"column":0},"end":{"line":110,"column":180}},"110":{"start":{"line":111,"column":0},"end":{"line":111,"column":129}},"111":{"start":{"line":112,"column":0},"end":{"line":112,"column":101}},"112":{"start":{"line":113,"column":0},"end":{"line":113,"column":626}},"113":{"start":{"line":114,"column":0},"end":{"line":114,"column":76}},"114":{"start":{"line":115,"column":0},"end":{"line":115,"column":341}},"115":{"start":{"line":116,"column":0},"end":{"line":116,"column":112}},"116":{"start":{"line":117,"column":0},"end":{"line":117,"column":315}},"117":{"start":{"line":118,"column":0},"end":{"line":118,"column":1}},"118":{"start":{"line":119,"column":0},"end":{"line":119,"column":114}},"119":{"start":{"line":120,"column":0},"end":{"line":120,"column":70}},"120":{"start":{"line":121,"column":0},"end":{"line":121,"column":72}},"121":{"start":{"line":122,"column":0},"end":{"line":122,"column":188}},"122":{"start":{"line":123,"column":0},"end":{"line":123,"column":12}},"123":{"start":{"line":124,"column":0},"end":{"line":124,"column":61}},"124":{"start":{"line":125,"column":0},"end":{"line":125,"column":9}},"125":{"start":{"line":126,"column":0},"end":{"line":126,"column":355}},"126":{"start":{"line":127,"column":0},"end":{"line":127,"column":593}},"127":{"start":{"line":128,"column":0},"end":{"line":128,"column":603}},"128":{"start":{"line":129,"column":0},"end":{"line":129,"column":8}},"129":{"start":{"line":130,"column":0},"end":{"line":130,"column":107}},"130":{"start":{"line":131,"column":0},"end":{"line":131,"column":423}},"131":{"start":{"line":132,"column":0},"end":{"line":132,"column":237}},"132":{"start":{"line":133,"column":0},"end":{"line":133,"column":267}},"133":{"start":{"line":134,"column":0},"end":{"line":134,"column":179}},"134":{"start":{"line":135,"column":0},"end":{"line":135,"column":53}},"135":{"start":{"line":136,"column":0},"end":{"line":136,"column":198}},"136":{"start":{"line":137,"column":0},"end":{"line":137,"column":47}},"137":{"start":{"line":138,"column":0},"end":{"line":138,"column":112}},"138":{"start":{"line":139,"column":0},"end":{"line":139,"column":99}},"139":{"start":{"line":140,"column":0},"end":{"line":140,"column":84}},"140":{"start":{"line":141,"column":0},"end":{"line":141,"column":112}},"141":{"start":{"line":142,"column":0},"end":{"line":142,"column":70}},"142":{"start":{"line":143,"column":0},"end":{"line":143,"column":381}},"143":{"start":{"line":144,"column":0},"end":{"line":144,"column":147}},"144":{"start":{"line":145,"column":0},"end":{"line":145,"column":444}},"145":{"start":{"line":146,"column":0},"end":{"line":146,"column":23}},"146":{"start":{"line":147,"column":0},"end":{"line":147,"column":344}},"147":{"start":{"line":148,"column":0},"end":{"line":148,"column":1}},"148":{"start":{"line":149,"column":0},"end":{"line":149,"column":19}},"149":{"start":{"line":150,"column":0},"end":{"line":150,"column":265}},"150":{"start":{"line":151,"column":0},"end":{"line":151,"column":316}},"151":{"start":{"line":152,"column":0},"end":{"line":152,"column":102}},"152":{"start":{"line":153,"column":0},"end":{"line":153,"column":287}},"153":{"start":{"line":154,"column":0},"end":{"line":154,"column":298}},"154":{"start":{"line":155,"column":0},"end":{"line":155,"column":66}},"155":{"start":{"line":156,"column":0},"end":{"line":156,"column":452}},"156":{"start":{"line":157,"column":0},"end":{"line":157,"column":70}},"157":{"start":{"line":158,"column":0},"end":{"line":158,"column":254}},"158":{"start":{"line":159,"column":0},"end":{"line":159,"column":82}},"159":{"start":{"line":160,"column":0},"end":{"line":160,"column":59}},"160":{"start":{"line":161,"column":0},"end":{"line":161,"column":10}},"161":{"start":{"line":162,"column":0},"end":{"line":162,"column":70}},"162":{"start":{"line":163,"column":0},"end":{"line":163,"column":20}},"163":{"start":{"line":164,"column":0},"end":{"line":164,"column":204}},"164":{"start":{"line":165,"column":0},"end":{"line":165,"column":137}},"165":{"start":{"line":166,"column":0},"end":{"line":166,"column":133}},"166":{"start":{"line":167,"column":0},"end":{"line":167,"column":353}},"167":{"start":{"line":168,"column":0},"end":{"line":168,"column":271}},"168":{"start":{"line":169,"column":0},"end":{"line":169,"column":602}},"169":{"start":{"line":170,"column":0},"end":{"line":170,"column":531}},"170":{"start":{"line":171,"column":0},"end":{"line":171,"column":288}},"171":{"start":{"line":172,"column":0},"end":{"line":172,"column":29}},"172":{"start":{"line":173,"column":0},"end":{"line":173,"column":21}},"173":{"start":{"line":174,"column":0},"end":{"line":174,"column":127}},"174":{"start":{"line":175,"column":0},"end":{"line":175,"column":83}},"175":{"start":{"line":176,"column":0},"end":{"line":176,"column":201}},"176":{"start":{"line":177,"column":0},"end":{"line":177,"column":4}},"177":{"start":{"line":178,"column":0},"end":{"line":178,"column":325}},"178":{"start":{"line":179,"column":0},"end":{"line":179,"column":44}},"179":{"start":{"line":180,"column":0},"end":{"line":180,"column":33}},"180":{"start":{"line":181,"column":0},"end":{"line":181,"column":280}},"181":{"start":{"line":182,"column":0},"end":{"line":182,"column":9}},"182":{"start":{"line":183,"column":0},"end":{"line":183,"column":460}},"183":{"start":{"line":184,"column":0},"end":{"line":184,"column":43}},"184":{"start":{"line":185,"column":0},"end":{"line":185,"column":178}},"185":{"start":{"line":186,"column":0},"end":{"line":186,"column":48}},"186":{"start":{"line":187,"column":0},"end":{"line":187,"column":108}},"187":{"start":{"line":188,"column":0},"end":{"line":188,"column":77}},"188":{"start":{"line":189,"column":0},"end":{"line":189,"column":222}},"189":{"start":{"line":190,"column":0},"end":{"line":190,"column":11}},"190":{"start":{"line":191,"column":0},"end":{"line":191,"column":123}},"191":{"start":{"line":192,"column":0},"end":{"line":192,"column":443}},"192":{"start":{"line":193,"column":0},"end":{"line":193,"column":97}},"193":{"start":{"line":194,"column":0},"end":{"line":194,"column":36}},"194":{"start":{"line":195,"column":0},"end":{"line":195,"column":86}},"195":{"start":{"line":196,"column":0},"end":{"line":196,"column":125}},"196":{"start":{"line":197,"column":0},"end":{"line":197,"column":146}},"197":{"start":{"line":198,"column":0},"end":{"line":198,"column":222}},"198":{"start":{"line":199,"column":0},"end":{"line":199,"column":866}},"199":{"start":{"line":200,"column":0},"end":{"line":200,"column":16}},"200":{"start":{"line":201,"column":0},"end":{"line":201,"column":603}},"201":{"start":{"line":202,"column":0},"end":{"line":202,"column":145}},"202":{"start":{"line":203,"column":0},"end":{"line":203,"column":99}},"203":{"start":{"line":204,"column":0},"end":{"line":204,"column":371}},"204":{"start":{"line":205,"column":0},"end":{"line":205,"column":144}},"205":{"start":{"line":206,"column":0},"end":{"line":206,"column":41}},"206":{"start":{"line":207,"column":0},"end":{"line":207,"column":74}},"207":{"start":{"line":208,"column":0},"end":{"line":208,"column":489}},"208":{"start":{"line":209,"column":0},"end":{"line":209,"column":170}},"209":{"start":{"line":210,"column":0},"end":{"line":210,"column":153}},"210":{"start":{"line":211,"column":0},"end":{"line":211,"column":75}},"211":{"start":{"line":212,"column":0},"end":{"line":212,"column":155}},"212":{"start":{"line":213,"column":0},"end":{"line":213,"column":91}},"213":{"start":{"line":214,"column":0},"end":{"line":214,"column":335}},"214":{"start":{"line":215,"column":0},"end":{"line":215,"column":142}},"215":{"start":{"line":216,"column":0},"end":{"line":216,"column":48}},"216":{"start":{"line":217,"column":0},"end":{"line":217,"column":13}},"217":{"start":{"line":218,"column":0},"end":{"line":218,"column":131}},"218":{"start":{"line":219,"column":0},"end":{"line":219,"column":263}},"219":{"start":{"line":220,"column":0},"end":{"line":220,"column":880}},"220":{"start":{"line":221,"column":0},"end":{"line":221,"column":56}},"221":{"start":{"line":222,"column":0},"end":{"line":222,"column":121}},"222":{"start":{"line":223,"column":0},"end":{"line":223,"column":21}},"223":{"start":{"line":224,"column":0},"end":{"line":224,"column":97}},"224":{"start":{"line":225,"column":0},"end":{"line":225,"column":36}},"225":{"start":{"line":226,"column":0},"end":{"line":226,"column":67}},"226":{"start":{"line":227,"column":0},"end":{"line":227,"column":66}},"227":{"start":{"line":228,"column":0},"end":{"line":228,"column":44}},"228":{"start":{"line":229,"column":0},"end":{"line":229,"column":707}},"229":{"start":{"line":230,"column":0},"end":{"line":230,"column":468}},"230":{"start":{"line":231,"column":0},"end":{"line":231,"column":466}},"231":{"start":{"line":232,"column":0},"end":{"line":232,"column":202}},"232":{"start":{"line":233,"column":0},"end":{"line":233,"column":133}},"233":{"start":{"line":234,"column":0},"end":{"line":234,"column":800}},"234":{"start":{"line":235,"column":0},"end":{"line":235,"column":18}},"235":{"start":{"line":236,"column":0},"end":{"line":236,"column":1325}},"236":{"start":{"line":237,"column":0},"end":{"line":237,"column":618}},"237":{"start":{"line":238,"column":0},"end":{"line":238,"column":100}},"238":{"start":{"line":239,"column":0},"end":{"line":239,"column":436}},"239":{"start":{"line":240,"column":0},"end":{"line":240,"column":79}},"240":{"start":{"line":241,"column":0},"end":{"line":241,"column":52}},"241":{"start":{"line":242,"column":0},"end":{"line":242,"column":59}},"242":{"start":{"line":243,"column":0},"end":{"line":243,"column":135}},"243":{"start":{"line":244,"column":0},"end":{"line":244,"column":1264}},"244":{"start":{"line":245,"column":0},"end":{"line":245,"column":102}},"245":{"start":{"line":246,"column":0},"end":{"line":246,"column":389}},"246":{"start":{"line":247,"column":0},"end":{"line":247,"column":189}},"247":{"start":{"line":248,"column":0},"end":{"line":248,"column":156}},"248":{"start":{"line":249,"column":0},"end":{"line":249,"column":120}},"249":{"start":{"line":250,"column":0},"end":{"line":250,"column":131}}},"s":{"0":0,"1":0,"2":0,"3":0,"4":0,"5":0,"6":0,"7":0,"8":0,"9":0,"10":0,"11":0,"12":0,"13":0,"14":0,"15":0,"16":0,"17":0,"18":0,"19":0,"20":0,"21":0,"22":0,"23":0,"24":0,"25":0,"26":0,"27":0,"28":0,"29":0,"30":0,"31":0,"32":0,"33":0,"34":0,"35":0,"36":0,"37":0,"38":0,"39":0,"40":0,"41":0,"42":0,"43":0,"44":0,"45":0,"46":0,"47":0,"48":0,"49":0,"50":0,"51":0,"52":0,"53":0,"54":0,"55":0,"56":0,"57":0,"58":0,"59":0,"60":0,"61":0,"62":0,"63":0,"64":0,"65":0,"66":0,"67":0,"68":0,"69":0,"70":0,"71":0,"72":0,"73":0,"74":0,"75":0,"76":0,"77":0,"78":0,"79":0,"80":0,"81":0,"82":0,"83":0,"84":0,"85":0,"86":0,"87":0,"88":0,"89":0,"90":0,"91":0,"92":0,"93":0,"94":0,"95":0,"96":0,"97":0,"98":0,"99":0,"100":0,"101":0,"102":0,"103":0,"104":0,"105":0,"106":0,"107":0,"108":0,"109":0,"110":0,"111":0,"112":0,"113":0,"114":0,"115":0,"116":0,"117":0,"118":0,"119":0,"120":0,"121":0,"122":0,"123":0,"124":0,"125":0,"126":0,"127":0,"128":0,"129":0,"130":0,"131":0,"132":0,"133":0,"134":0,"135":0,"136":0,"137":0,"138":0,"139":0,"140":0,"141":0,"142":0,"143":0,"144":0,"145":0,"146":0,"147":0,"148":0,"149":0,"150":0,"151":0,"152":0,"153":0,"154":0,"155":0,"156":0,"157":0,"158":0,"159":0,"160":0,"161":0,"162":0,"163":0,"164":0,"165":0,"166":0,"167":0,"168":0,"169":0,"170":0,"171":0,"172":0,"173":0,"174":0,"175":0,"176":0,"177":0,"178":0,"179":0,"180":0,"181":0,"182":0,"183":0,"184":0,"185":0,"186":0,"187":0,"188":0,"189":0,"190":0,"191":0,"192":0,"193":0,"194":0,"195":0,"196":0,"197":0,"198":0,"199":0,"200":0,"201":0,"202":0,"203":0,"204":0,"205":0,"206":0,"207":0,"208":0,"209":0,"210":0,"211":0,"212":0,"213":0,"214":0,"215":0,"216":0,"217":0,"218":0,"219":0,"220":0,"221":0,"222":0,"223":0,"224":0,"225":0,"226":0,"227":0,"228":0,"229":0,"230":0,"231":0,"232":0,"233":0,"234":0,"235":0,"236":0,"237":0,"238":0,"239":0,"240":0,"241":0,"242":0,"243":0,"244":0,"245":0,"246":0,"247":0,"248":0,"249":0},"branchMap":{"0":{"type":"branch","line":1,"loc":{"start":{"line":1,"column":0},"end":{"line":250,"column":131}},"locations":[{"start":{"line":1,"column":0},"end":{"line":250,"column":131}}]}},"b":{"0":[0]},"fnMap":{"0":{"name":"(empty-report)","decl":{"start":{"line":1,"column":0},"end":{"line":250,"column":131}},"loc":{"start":{"line":1,"column":0},"end":{"line":250,"column":131}},"line":1}},"f":{"0":0}}
,"/Users/bryan/src/Aisle3/src-tauri/target/release/build/aisle3-24a4125d1ce337dc/out/tauri-codegen-assets/da25f3b58f9944d77ccd62172f558a1192c006eaf405ded9210fcbe95436879f.js": {"path":"/Users/bryan/src/Aisle3/src-tauri/target/release/build/aisle3-24a4125d1ce337dc/out/tauri-codegen-assets/da25f3b58f9944d77ccd62172f558a1192c006eaf405ded9210fcbe95436879f.js","all":true,"statementMap":{"0":{"start":{"line":1,"column":0},"end":{"line":1,"column":179}},"1":{"start":{"line":2,"column":0},"end":{"line":2,"column":127}},"2":{"start":{"line":3,"column":0},"end":{"line":3,"column":298}}},"s":{"0":0,"1":0,"2":0},"branchMap":{"0":{"type":"branch","line":1,"loc":{"start":{"line":1,"column":0},"end":{"line":3,"column":298}},"locations":[{"start":{"line":1,"column":0},"end":{"line":3,"column":298}}]}},"b":{"0":[0]},"fnMap":{"0":{"name":"(empty-report)","decl":{"start":{"line":1,"column":0},"end":{"line":3,"column":298}},"loc":{"start":{"line":1,"column":0},"end":{"line":3,"column":298}},"line":1}},"f":{"0":0}}
,"/Users/bryan/src/Aisle3/src-tauri/target/release/build/aisle3-24a4125d1ce337dc/out/tauri-codegen-assets/ea16d84b0c4812a78a61c81b02df06da2132cf61c06a9a01beb9802ecc2008fb.js": {"path":"/Users/bryan/src/Aisle3/src-tauri/target/release/build/aisle3-24a4125d1ce337dc/out/tauri-codegen-assets/ea16d84b0c4812a78a61c81b02df06da2132cf61c06a9a01beb9802ecc2008fb.js","all":true,"statementMap":{"0":{"start":{"line":1,"column":0},"end":{"line":1,"column":73}}},"s":{"0":0},"branchMap":{"0":{"type":"branch","line":1,"loc":{"start":{"line":1,"column":0},"end":{"line":1,"column":73}},"locations":[{"start":{"line":1,"column":0},"end":{"line":1,"column":73}}]}},"b":{"0":[0]},"fnMap":{"0":{"name":"(empty-report)","decl":{"start":{"line":1,"column":0},"end":{"line":1,"column":73}},"loc":{"start":{"line":1,"column":0},"end":{"line":1,"column":73}},"line":1}},"f":{"0":0}}
,"/Users/bryan/src/Aisle3/src-tauri/target/release/build/aisle3-650faa0d8cebc6e8/out/__global-api-script.js": {"path":"/Users/bryan/src/Aisle3/src-tauri/target/release/build/aisle3-650faa0d8cebc6e8/out/__global-api-script.js","all":true,"statementMap":{"0":{"start":{"line":1,"column":0},"end":{"line":1,"column":213}}},"s":{"0":0},"branchMap":{"0":{"type":"branch","line":1,"loc":{"start":{"line":1,"column":0},"end":{"line":1,"column":213}},"locations":[{"start":{"line":1,"column":0},"end":{"line":1,"column":213}}]}},"b":{"0":[0]},"fnMap":{"0":{"name":"(empty-report)","decl":{"start":{"line":1,"column":0},"end":{"line":1,"column":213}},"loc":{"start":{"line":1,"column":0},"end":{"line":1,"column":213}},"line":1}},"f":{"0":0}}
,"/Users/bryan/src/Aisle3/src-tauri/target/release/build/aisle3-650faa0d8cebc6e8/out/tauri-codegen-assets/0823fcf1d2962e0432a72633375657e487ce2a8a6e646891ad021273a1a02eff.js": {"path":"/Users/bryan/src/Aisle3/src-tauri/target/release/build/aisle3-650faa0d8cebc6e8/out/tauri-codegen-assets/0823fcf1d2962e0432a72633375657e487ce2a8a6e646891ad021273a1a02eff.js","all":true,"statementMap":{"0":{"start":{"line":1,"column":0},"end":{"line":1,"column":60}},"1":{"start":{"line":2,"column":0},"end":{"line":2,"column":8}},"2":{"start":{"line":3,"column":0},"end":{"line":3,"column":1}}},"s":{"0":0,"1":0,"2":0},"branchMap":{"0":{"type":"branch","line":1,"loc":{"start":{"line":1,"column":0},"end":{"line":3,"column":1}},"locations":[{"start":{"line":1,"column":0},"end":{"line":3,"column":1}}]}},"b":{"0":[0]},"fnMap":{"0":{"name":"(empty-report)","decl":{"start":{"line":1,"column":0},"end":{"line":3,"column":1}},"loc":{"start":{"line":1,"column":0},"end":{"line":3,"column":1}},"line":1}},"f":{"0":0}}
,"/Users/bryan/src/Aisle3/src-tauri/target/release/build/aisle3-650faa0d8cebc6e8/out/tauri-codegen-assets/0ba5192ddd8cbecd74bd92ad832ce73789c052f895fe726ee1103c10058f9290.js": {"path":"/Users/bryan/src/Aisle3/src-tauri/target/release/build/aisle3-650faa0d8cebc6e8/out/tauri-codegen-assets/0ba5192ddd8cbecd74bd92ad832ce73789c052f895fe726ee1103c10058f9290.js","all":true,"statementMap":{"0":{"start":{"line":1,"column":0},"end":{"line":1,"column":154}},"1":{"start":{"line":2,"column":0},"end":{"line":2,"column":177}},"2":{"start":{"line":3,"column":0},"end":{"line":3,"column":195}},"3":{"start":{"line":4,"column":0},"end":{"line":4,"column":111}},"4":{"start":{"line":5,"column":0},"end":{"line":5,"column":7}},"5":{"start":{"line":6,"column":0},"end":{"line":6,"column":9}},"6":{"start":{"line":7,"column":0},"end":{"line":7,"column":1057}},"7":{"start":{"line":8,"column":0},"end":{"line":8,"column":541}},"8":{"start":{"line":9,"column":0},"end":{"line":9,"column":733}},"9":{"start":{"line":10,"column":0},"end":{"line":10,"column":66}}},"s":{"0":0,"1":0,"2":0,"3":0,"4":0,"5":0,"6":0,"7":0,"8":0,"9":0},"branchMap":{"0":{"type":"branch","line":1,"loc":{"start":{"line":1,"column":0},"end":{"line":10,"column":66}},"locations":[{"start":{"line":1,"column":0},"end":{"line":10,"column":66}}]}},"b":{"0":[0]},"fnMap":{"0":{"name":"(empty-report)","decl":{"start":{"line":1,"column":0},"end":{"line":10,"column":66}},"loc":{"start":{"line":1,"column":0},"end":{"line":10,"column":66}},"line":1}},"f":{"0":0}}
,"/Users/bryan/src/Aisle3/src-tauri/target/release/build/aisle3-650faa0d8cebc6e8/out/tauri-codegen-assets/0ebfb79632f785b627d28fa99aa221099ed477046ec9090f01bf5149ceeb024d.js": {"path":"/Users/bryan/src/Aisle3/src-tauri/target/release/build/aisle3-650faa0d8cebc6e8/out/tauri-codegen-assets/0ebfb79632f785b627d28fa99aa221099ed477046ec9090f01bf5149ceeb024d.js","all":true,"statementMap":{"0":{"start":{"line":1,"column":0},"end":{"line":1,"column":288}}},"s":{"0":0},"branchMap":{"0":{"type":"branch","line":1,"loc":{"start":{"line":1,"column":0},"end":{"line":1,"column":288}},"locations":[{"start":{"line":1,"column":0},"end":{"line":1,"column":288}}]}},"b":{"0":[0]},"fnMap":{"0":{"name":"(empty-report)","decl":{"start":{"line":1,"column":0},"end":{"line":1,"column":288}},"loc":{"start":{"line":1,"column":0},"end":{"line":1,"column":288}},"line":1}},"f":{"0":0}}
,"/Users/bryan/src/Aisle3/src-tauri/target/release/build/aisle3-650faa0d8cebc6e8/out/tauri-codegen-assets/1384403bd3439088f55f3d6e1424d88d0f09cec162924f6575c3003afa051d09.js": {"path":"/Users/bryan/src/Aisle3/src-tauri/target/release/build/aisle3-650faa0d8cebc6e8/out/tauri-codegen-assets/1384403bd3439088f55f3d6e1424d88d0f09cec162924f6575c3003afa051d09.js","all":true,"statementMap":{"0":{"start":{"line":1,"column":0},"end":{"line":1,"column":142}},"1":{"start":{"line":2,"column":0},"end":{"line":2,"column":126}},"2":{"start":{"line":3,"column":0},"end":{"line":3,"column":48}}},"s":{"0":0,"1":0,"2":0},"branchMap":{"0":{"type":"branch","line":1,"loc":{"start":{"line":1,"column":0},"end":{"line":3,"column":48}},"locations":[{"start":{"line":1,"column":0},"end":{"line":3,"column":48}}]}},"b":{"0":[0]},"fnMap":{"0":{"name":"(empty-report)","decl":{"start":{"line":1,"column":0},"end":{"line":3,"column":48}},"loc":{"start":{"line":1,"column":0},"end":{"line":3,"column":48}},"line":1}},"f":{"0":0}}
,"/Users/bryan/src/Aisle3/src-tauri/target/release/build/aisle3-650faa0d8cebc6e8/out/tauri-codegen-assets/29a3957960b1c35950d6c145fc4b1e21cce44fad8e144e5f832bada2f638f76f.js": {"path":"/Users/bryan/src/Aisle3/src-tauri/target/release/build/aisle3-650faa0d8cebc6e8/out/tauri-codegen-assets/29a3957960b1c35950d6c145fc4b1e21cce44fad8e144e5f832bada2f638f76f.js","all":true,"statementMap":{"0":{"start":{"line":1,"column":0},"end":{"line":1,"column":23}}},"s":{"0":0},"branchMap":{"0":{"type":"branch","line":1,"loc":{"start":{"line":1,"column":0},"end":{"line":1,"column":23}},"locations":[{"start":{"line":1,"column":0},"end":{"line":1,"column":23}}]}},"b":{"0":[0]},"fnMap":{"0":{"name":"(empty-report)","decl":{"start":{"line":1,"column":0},"end":{"line":1,"column":23}},"loc":{"start":{"line":1,"column":0},"end":{"line":1,"column":23}},"line":1}},"f":{"0":0}}
,"/Users/bryan/src/Aisle3/src-tauri/target/release/build/aisle3-650faa0d8cebc6e8/out/tauri-codegen-assets/3c05f08b3fe7f51e6f33294ce4c39916abdce76c91be11ab19f82ea4fa0b6fa3.js": {"path":"/Users/bryan/src/Aisle3/src-tauri/target/release/build/aisle3-650faa0d8cebc6e8/out/tauri-codegen-assets/3c05f08b3fe7f51e6f33294ce4c39916abdce76c91be11ab19f82ea4fa0b6fa3.js","all":true,"statementMap":{"0":{"start":{"line":1,"column":0},"end":{"line":1,"column":311}}},"s":{"0":0},"branchMap":{"0":{"type":"branch","line":1,"loc":{"start":{"line":1,"column":0},"end":{"line":1,"column":311}},"locations":[{"start":{"line":1,"column":0},"end":{"line":1,"column":311}}]}},"b":{"0":[0]},"fnMap":{"0":{"name":"(empty-report)","decl":{"start":{"line":1,"column":0},"end":{"line":1,"column":311}},"loc":{"start":{"line":1,"column":0},"end":{"line":1,"column":311}},"line":1}},"f":{"0":0}}
,"/Users/bryan/src/Aisle3/src-tauri/target/release/build/aisle3-650faa0d8cebc6e8/out/tauri-codegen-assets/3f389e91784e65a4daccc6abdb94f6bffbf9e1536dc91e4779c8abf9d0e4c34a.js": {"path":"/Users/bryan/src/Aisle3/src-tauri/target/release/build/aisle3-650faa0d8cebc6e8/out/tauri-codegen-assets/3f389e91784e65a4daccc6abdb94f6bffbf9e1536dc91e4779c8abf9d0e4c34a.js","all":true,"statementMap":{"0":{"start":{"line":1,"column":0},"end":{"line":1,"column":283}},"1":{"start":{"line":2,"column":0},"end":{"line":2,"column":281}},"2":{"start":{"line":3,"column":0},"end":{"line":3,"column":249}},"3":{"start":{"line":4,"column":0},"end":{"line":4,"column":726}},"4":{"start":{"line":5,"column":0},"end":{"line":5,"column":140}},"5":{"start":{"line":6,"column":0},"end":{"line":6,"column":311}},"6":{"start":{"line":7,"column":0},"end":{"line":7,"column":784}},"7":{"start":{"line":8,"column":0},"end":{"line":8,"column":74}},"8":{"start":{"line":9,"column":0},"end":{"line":9,"column":600}},"9":{"start":{"line":10,"column":0},"end":{"line":10,"column":520}},"10":{"start":{"line":11,"column":0},"end":{"line":11,"column":153}},"11":{"start":{"line":12,"column":0},"end":{"line":12,"column":440}},"12":{"start":{"line":13,"column":0},"end":{"line":13,"column":597}},"13":{"start":{"line":14,"column":0},"end":{"line":14,"column":104}},"14":{"start":{"line":15,"column":0},"end":{"line":15,"column":160}},"15":{"start":{"line":16,"column":0},"end":{"line":16,"column":15}},"16":{"start":{"line":17,"column":0},"end":{"line":17,"column":280}},"17":{"start":{"line":18,"column":0},"end":{"line":18,"column":460}},"18":{"start":{"line":19,"column":0},"end":{"line":19,"column":525}},"19":{"start":{"line":20,"column":0},"end":{"line":20,"column":49}},"20":{"start":{"line":21,"column":0},"end":{"line":21,"column":595}},"21":{"start":{"line":22,"column":0},"end":{"line":22,"column":77}},"22":{"start":{"line":23,"column":0},"end":{"line":23,"column":104}},"23":{"start":{"line":24,"column":0},"end":{"line":24,"column":16}},"24":{"start":{"line":25,"column":0},"end":{"line":25,"column":11}},"25":{"start":{"line":26,"column":0},"end":{"line":26,"column":839}},"26":{"start":{"line":27,"column":0},"end":{"line":27,"column":312}},"27":{"start":{"line":28,"column":0},"end":{"line":28,"column":576}},"28":{"start":{"line":29,"column":0},"end":{"line":29,"column":59}},"29":{"start":{"line":30,"column":0},"end":{"line":30,"column":425}},"30":{"start":{"line":31,"column":0},"end":{"line":31,"column":912}},"31":{"start":{"line":32,"column":0},"end":{"line":32,"column":810}}},"s":{"0":0,"1":0,"2":0,"3":0,"4":0,"5":0,"6":0,"7":0,"8":0,"9":0,"10":0,"11":0,"12":0,"13":0,"14":0,"15":0,"16":0,"17":0,"18":0,"19":0,"20":0,"21":0,"22":0,"23":0,"24":0,"25":0,"26":0,"27":0,"28":0,"29":0,"30":0,"31":0},"branchMap":{"0":{"type":"branch","line":1,"loc":{"start":{"line":1,"column":0},"end":{"line":32,"column":810}},"locations":[{"start":{"line":1,"column":0},"end":{"line":32,"column":810}}]}},"b":{"0":[0]},"fnMap":{"0":{"name":"(empty-report)","decl":{"start":{"line":1,"column":0},"end":{"line":32,"column":810}},"loc":{"start":{"line":1,"column":0},"end":{"line":32,"column":810}},"line":1}},"f":{"0":0}}
,"/Users/bryan/src/Aisle3/src-tauri/target/release/build/aisle3-650faa0d8cebc6e8/out/tauri-codegen-assets/4782752934f6e44964242da8a097020273460d0afa320d21210d3fc93b4430ba.js": {"path":"/Users/bryan/src/Aisle3/src-tauri/target/release/build/aisle3-650faa0d8cebc6e8/out/tauri-codegen-assets/4782752934f6e44964242da8a097020273460d0afa320d21210d3fc93b4430ba.js","all":true,"statementMap":{"0":{"start":{"line":1,"column":0},"end":{"line":1,"column":53}},"1":{"start":{"line":2,"column":0},"end":{"line":2,"column":6}},"2":{"start":{"line":3,"column":0},"end":{"line":3,"column":13}}},"s":{"0":0,"1":0,"2":0},"branchMap":{"0":{"type":"branch","line":1,"loc":{"start":{"line":1,"column":0},"end":{"line":3,"column":13}},"locations":[{"start":{"line":1,"column":0},"end":{"line":3,"column":13}}]}},"b":{"0":[0]},"fnMap":{"0":{"name":"(empty-report)","decl":{"start":{"line":1,"column":0},"end":{"line":3,"column":13}},"loc":{"start":{"line":1,"column":0},"end":{"line":3,"column":13}},"line":1}},"f":{"0":0}}
,"/Users/bryan/src/Aisle3/src-tauri/target/release/build/aisle3-650faa0d8cebc6e8/out/tauri-codegen-assets/48cfcbb2436df91ef02fc63ae5c3ec4c521df321c66957e2c2741f0eae577648.js": {"path":"/Users/bryan/src/Aisle3/src-tauri/target/release/build/aisle3-650faa0d8cebc6e8/out/tauri-codegen-assets/48cfcbb2436df91ef02fc63ae5c3ec4c521df321c66957e2c2741f0eae577648.js","all":true,"statementMap":{"0":{"start":{"line":1,"column":0},"end":{"line":1,"column":571}},"1":{"start":{"line":2,"column":0},"end":{"line":2,"column":37}},"2":{"start":{"line":3,"column":0},"end":{"line":3,"column":234}},"3":{"start":{"line":4,"column":0},"end":{"line":4,"column":176}},"4":{"start":{"line":5,"column":0},"end":{"line":5,"column":24}},"5":{"start":{"line":6,"column":0},"end":{"line":6,"column":17}},"6":{"start":{"line":7,"column":0},"end":{"line":7,"column":20}},"7":{"start":{"line":8,"column":0},"end":{"line":8,"column":48}},"8":{"start":{"line":9,"column":0},"end":{"line":9,"column":58}},"9":{"start":{"line":10,"column":0},"end":{"line":10,"column":86}},"10":{"start":{"line":11,"column":0},"end":{"line":11,"column":356}},"11":{"start":{"line":12,"column":0},"end":{"line":12,"column":61}},"12":{"start":{"line":13,"column":0},"end":{"line":13,"column":935}},"13":{"start":{"line":14,"column":0},"end":{"line":14,"column":435}}},"s":{"0":0,"1":0,"2":0,"3":0,"4":0,"5":0,"6":0,"7":0,"8":0,"9":0,"10":0,"11":0,"12":0,"13":0},"branchMap":{"0":{"type":"branch","line":1,"loc":{"start":{"line":1,"column":0},"end":{"line":14,"column":435}},"locations":[{"start":{"line":1,"column":0},"end":{"line":14,"column":435}}]}},"b":{"0":[0]},"fnMap":{"0":{"name":"(empty-report)","decl":{"start":{"line":1,"column":0},"end":{"line":14,"column":435}},"loc":{"start":{"line":1,"column":0},"end":{"line":14,"column":435}},"line":1}},"f":{"0":0}}
,"/Users/bryan/src/Aisle3/src-tauri/target/release/build/aisle3-650faa0d8cebc6e8/out/tauri-codegen-assets/4da08c197407a4acd3a2cd0e4e9aa67aef90ae94c45b7a387b7c5a49bccbebfc.js": {"path":"/Users/bryan/src/Aisle3/src-tauri/target/release/build/aisle3-650faa0d8cebc6e8/out/tauri-codegen-assets/4da08c197407a4acd3a2cd0e4e9aa67aef90ae94c45b7a387b7c5a49bccbebfc.js","all":true,"statementMap":{"0":{"start":{"line":1,"column":0},"end":{"line":1,"column":282}},"1":{"start":{"line":2,"column":0},"end":{"line":2,"column":687}},"2":{"start":{"line":3,"column":0},"end":{"line":3,"column":264}},"3":{"start":{"line":4,"column":0},"end":{"line":4,"column":108}},"4":{"start":{"line":5,"column":0},"end":{"line":5,"column":168}},"5":{"start":{"line":6,"column":0},"end":{"line":6,"column":21}},"6":{"start":{"line":7,"column":0},"end":{"line":7,"column":195}},"7":{"start":{"line":8,"column":0},"end":{"line":8,"column":531}},"8":{"start":{"line":9,"column":0},"end":{"line":9,"column":709}},"9":{"start":{"line":10,"column":0},"end":{"line":10,"column":100}},"10":{"start":{"line":11,"column":0},"end":{"line":11,"column":284}},"11":{"start":{"line":12,"column":0},"end":{"line":12,"column":809}},"12":{"start":{"line":13,"column":0},"end":{"line":13,"column":66}},"13":{"start":{"line":14,"column":0},"end":{"line":14,"column":145}},"14":{"start":{"line":15,"column":0},"end":{"line":15,"column":104}},"15":{"start":{"line":16,"column":0},"end":{"line":16,"column":265}},"16":{"start":{"line":17,"column":0},"end":{"line":17,"column":42}},"17":{"start":{"line":18,"column":0},"end":{"line":18,"column":63}},"18":{"start":{"line":19,"column":0},"end":{"line":19,"column":25}},"19":{"start":{"line":20,"column":0},"end":{"line":20,"column":471}},"20":{"start":{"line":21,"column":0},"end":{"line":21,"column":817}},"21":{"start":{"line":22,"column":0},"end":{"line":22,"column":167}},"22":{"start":{"line":23,"column":0},"end":{"line":23,"column":417}},"23":{"start":{"line":24,"column":0},"end":{"line":24,"column":654}},"24":{"start":{"line":25,"column":0},"end":{"line":25,"column":461}},"25":{"start":{"line":26,"column":0},"end":{"line":26,"column":81}},"26":{"start":{"line":27,"column":0},"end":{"line":27,"column":410}},"27":{"start":{"line":28,"column":0},"end":{"line":28,"column":285}},"28":{"start":{"line":29,"column":0},"end":{"line":29,"column":451}},"29":{"start":{"line":30,"column":0},"end":{"line":30,"column":230}},"30":{"start":{"line":31,"column":0},"end":{"line":31,"column":71}},"31":{"start":{"line":32,"column":0},"end":{"line":32,"column":87}},"32":{"start":{"line":33,"column":0},"end":{"line":33,"column":324}},"33":{"start":{"line":34,"column":0},"end":{"line":34,"column":105}},"34":{"start":{"line":35,"column":0},"end":{"line":35,"column":57}},"35":{"start":{"line":36,"column":0},"end":{"line":36,"column":1160}},"36":{"start":{"line":37,"column":0},"end":{"line":37,"column":285}},"37":{"start":{"line":38,"column":0},"end":{"line":38,"column":75}}},"s":{"0":0,"1":0,"2":0,"3":0,"4":0,"5":0,"6":0,"7":0,"8":0,"9":0,"10":0,"11":0,"12":0,"13":0,"14":0,"15":0,"16":0,"17":0,"18":0,"19":0,"20":0,"21":0,"22":0,"23":0,"24":0,"25":0,"26":0,"27":0,"28":0,"29":0,"30":0,"31":0,"32":0,"33":0,"34":0,"35":0,"36":0,"37":0},"branchMap":{"0":{"type":"branch","line":1,"loc":{"start":{"line":1,"column":0},"end":{"line":38,"column":75}},"locations":[{"start":{"line":1,"column":0},"end":{"line":38,"column":75}}]}},"b":{"0":[0]},"fnMap":{"0":{"name":"(empty-report)","decl":{"start":{"line":1,"column":0},"end":{"line":38,"column":75}},"loc":{"start":{"line":1,"column":0},"end":{"line":38,"column":75}},"line":1}},"f":{"0":0}}
,"/Users/bryan/src/Aisle3/src-tauri/target/release/build/aisle3-650faa0d8cebc6e8/out/tauri-codegen-assets/506d53705a30e6e9d02f4b30a5820af2ce13062bd72fb141236debd9cf57238d.js": {"path":"/Users/bryan/src/Aisle3/src-tauri/target/release/build/aisle3-650faa0d8cebc6e8/out/tauri-codegen-assets/506d53705a30e6e9d02f4b30a5820af2ce13062bd72fb141236debd9cf57238d.js","all":true,"statementMap":{"0":{"start":{"line":1,"column":0},"end":{"line":1,"column":1}},"1":{"start":{"line":2,"column":0},"end":{"line":2,"column":295}}},"s":{"0":0,"1":0},"branchMap":{"0":{"type":"branch","line":1,"loc":{"start":{"line":1,"column":0},"end":{"line":2,"column":295}},"locations":[{"start":{"line":1,"column":0},"end":{"line":2,"column":295}}]}},"b":{"0":[0]},"fnMap":{"0":{"name":"(empty-report)","decl":{"start":{"line":1,"column":0},"end":{"line":2,"column":295}},"loc":{"start":{"line":1,"column":0},"end":{"line":2,"column":295}},"line":1}},"f":{"0":0}}
,"/Users/bryan/src/Aisle3/src-tauri/target/release/build/aisle3-650faa0d8cebc6e8/out/tauri-codegen-assets/5642b42217216634854f89e5582e6fa99d74d2e3b03bd56b0d49cae762fbfa3a.js": {"path":"/Users/bryan/src/Aisle3/src-tauri/target/release/build/aisle3-650faa0d8cebc6e8/out/tauri-codegen-assets/5642b42217216634854f89e5582e6fa99d74d2e3b03bd56b0d49cae762fbfa3a.js","all":true,"statementMap":{"0":{"start":{"line":1,"column":0},"end":{"line":1,"column":287}},"1":{"start":{"line":2,"column":0},"end":{"line":2,"column":21}}},"s":{"0":0,"1":0},"branchMap":{"0":{"type":"branch","line":1,"loc":{"start":{"line":1,"column":0},"end":{"line":2,"column":21}},"locations":[{"start":{"line":1,"column":0},"end":{"line":2,"column":21}}]}},"b":{"0":[0]},"fnMap":{"0":{"name":"(empty-report)","decl":{"start":{"line":1,"column":0},"end":{"line":2,"column":21}},"loc":{"start":{"line":1,"column":0},"end":{"line":2,"column":21}},"line":1}},"f":{"0":0}}
,"/Users/bryan/src/Aisle3/src-tauri/target/release/build/aisle3-650faa0d8cebc6e8/out/tauri-codegen-assets/5643268d98068b9ddaa047d317e28e5755befb03ae4ec8081c83582e8c06d3b7.js": {"path":"/Users/bryan/src/Aisle3/src-tauri/target/release/build/aisle3-650faa0d8cebc6e8/out/tauri-codegen-assets/5643268d98068b9ddaa047d317e28e5755befb03ae4ec8081c83582e8c06d3b7.js","all":true,"statementMap":{"0":{"start":{"line":1,"column":0},"end":{"line":1,"column":510}}},"s":{"0":0},"branchMap":{"0":{"type":"branch","line":1,"loc":{"start":{"line":1,"column":0},"end":{"line":1,"column":510}},"locations":[{"start":{"line":1,"column":0},"end":{"line":1,"column":510}}]}},"b":{"0":[0]},"fnMap":{"0":{"name":"(empty-report)","decl":{"start":{"line":1,"column":0},"end":{"line":1,"column":510}},"loc":{"start":{"line":1,"column":0},"end":{"line":1,"column":510}},"line":1}},"f":{"0":0}}
,"/Users/bryan/src/Aisle3/src-tauri/target/release/build/aisle3-650faa0d8cebc6e8/out/tauri-codegen-assets/566dac19fe053b15318fbde5f67dee67c7503a2c4624a598867cf4b25992696d.js": {"path":"/Users/bryan/src/Aisle3/src-tauri/target/release/build/aisle3-650faa0d8cebc6e8/out/tauri-codegen-assets/566dac19fe053b15318fbde5f67dee67c7503a2c4624a598867cf4b25992696d.js","all":true,"statementMap":{"0":{"start":{"line":1,"column":0},"end":{"line":1,"column":560}},"1":{"start":{"line":2,"column":0},"end":{"line":2,"column":402}},"2":{"start":{"line":3,"column":0},"end":{"line":3,"column":573}},"3":{"start":{"line":4,"column":0},"end":{"line":4,"column":138}},"4":{"start":{"line":5,"column":0},"end":{"line":5,"column":108}},"5":{"start":{"line":6,"column":0},"end":{"line":6,"column":201}},"6":{"start":{"line":7,"column":0},"end":{"line":7,"column":518}},"7":{"start":{"line":8,"column":0},"end":{"line":8,"column":64}},"8":{"start":{"line":9,"column":0},"end":{"line":9,"column":199}},"9":{"start":{"line":10,"column":0},"end":{"line":10,"column":95}},"10":{"start":{"line":11,"column":0},"end":{"line":11,"column":88}},"11":{"start":{"line":12,"column":0},"end":{"line":12,"column":100}},"12":{"start":{"line":13,"column":0},"end":{"line":13,"column":287}},"13":{"start":{"line":14,"column":0},"end":{"line":14,"column":1091}},"14":{"start":{"line":15,"column":0},"end":{"line":15,"column":115}},"15":{"start":{"line":16,"column":0},"end":{"line":16,"column":36}},"16":{"start":{"line":17,"column":0},"end":{"line":17,"column":279}},"17":{"start":{"line":18,"column":0},"end":{"line":18,"column":52}},"18":{"start":{"line":19,"column":0},"end":{"line":19,"column":69}},"19":{"start":{"line":20,"column":0},"end":{"line":20,"column":24}},"20":{"start":{"line":21,"column":0},"end":{"line":21,"column":1273}},"21":{"start":{"line":22,"column":0},"end":{"line":22,"column":43}},"22":{"start":{"line":23,"column":0},"end":{"line":23,"column":462}},"23":{"start":{"line":24,"column":0},"end":{"line":24,"column":164}},"24":{"start":{"line":25,"column":0},"end":{"line":25,"column":107}},"25":{"start":{"line":26,"column":0},"end":{"line":26,"column":494}},"26":{"start":{"line":27,"column":0},"end":{"line":27,"column":2}},"27":{"start":{"line":28,"column":0},"end":{"line":28,"column":82}},"28":{"start":{"line":29,"column":0},"end":{"line":29,"column":107}},"29":{"start":{"line":30,"column":0},"end":{"line":30,"column":314}},"30":{"start":{"line":31,"column":0},"end":{"line":31,"column":70}},"31":{"start":{"line":32,"column":0},"end":{"line":32,"column":230}},"32":{"start":{"line":33,"column":0},"end":{"line":33,"column":6}},"33":{"start":{"line":34,"column":0},"end":{"line":34,"column":1510}},"34":{"start":{"line":35,"column":0},"end":{"line":35,"column":387}},"35":{"start":{"line":36,"column":0},"end":{"line":36,"column":395}},"36":{"start":{"line":37,"column":0},"end":{"line":37,"column":800}}},"s":{"0":0,"1":0,"2":0,"3":0,"4":0,"5":0,"6":0,"7":0,"8":0,"9":0,"10":0,"11":0,"12":0,"13":0,"14":0,"15":0,"16":0,"17":0,"18":0,"19":0,"20":0,"21":0,"22":0,"23":0,"24":0,"25":0,"26":0,"27":0,"28":0,"29":0,"30":0,"31":0,"32":0,"33":0,"34":0,"35":0,"36":0},"branchMap":{"0":{"type":"branch","line":1,"loc":{"start":{"line":1,"column":0},"end":{"line":37,"column":800}},"locations":[{"start":{"line":1,"column":0},"end":{"line":37,"column":800}}]}},"b":{"0":[0]},"fnMap":{"0":{"name":"(empty-report)","decl":{"start":{"line":1,"column":0},"end":{"line":37,"column":800}},"loc":{"start":{"line":1,"column":0},"end":{"line":37,"column":800}},"line":1}},"f":{"0":0}}
,"/Users/bryan/src/Aisle3/src-tauri/target/release/build/aisle3-650faa0d8cebc6e8/out/tauri-codegen-assets/5791b44514b9fd2d7e0f1f51630cd9b1341012bf1babed02163fcf95e6ce80b1.js": {"path":"/Users/bryan/src/Aisle3/src-tauri/target/release/build/aisle3-650faa0d8cebc6e8/out/tauri-codegen-assets/5791b44514b9fd2d7e0f1f51630cd9b1341012bf1babed02163fcf95e6ce80b1.js","all":true,"statementMap":{"0":{"start":{"line":1,"column":0},"end":{"line":1,"column":154}},"1":{"start":{"line":2,"column":0},"end":{"line":2,"column":267}},"2":{"start":{"line":3,"column":0},"end":{"line":3,"column":166}},"3":{"start":{"line":4,"column":0},"end":{"line":4,"column":23}},"4":{"start":{"line":5,"column":0},"end":{"line":5,"column":279}},"5":{"start":{"line":6,"column":0},"end":{"line":6,"column":113}},"6":{"start":{"line":7,"column":0},"end":{"line":7,"column":410}},"7":{"start":{"line":8,"column":0},"end":{"line":8,"column":292}},"8":{"start":{"line":9,"column":0},"end":{"line":9,"column":163}},"9":{"start":{"line":10,"column":0},"end":{"line":10,"column":94}},"10":{"start":{"line":11,"column":0},"end":{"line":11,"column":351}},"11":{"start":{"line":12,"column":0},"end":{"line":12,"column":162}},"12":{"start":{"line":13,"column":0},"end":{"line":13,"column":8}},"13":{"start":{"line":14,"column":0},"end":{"line":14,"column":509}},"14":{"start":{"line":15,"column":0},"end":{"line":15,"column":79}},"15":{"start":{"line":16,"column":0},"end":{"line":16,"column":13}}},"s":{"0":0,"1":0,"2":0,"3":0,"4":0,"5":0,"6":0,"7":0,"8":0,"9":0,"10":0,"11":0,"12":0,"13":0,"14":0,"15":0},"branchMap":{"0":{"type":"branch","line":1,"loc":{"start":{"line":1,"column":0},"end":{"line":16,"column":13}},"locations":[{"start":{"line":1,"column":0},"end":{"line":16,"column":13}}]}},"b":{"0":[0]},"fnMap":{"0":{"name":"(empty-report)","decl":{"start":{"line":1,"column":0},"end":{"line":16,"column":13}},"loc":{"start":{"line":1,"column":0},"end":{"line":16,"column":13}},"line":1}},"f":{"0":0}}
,"/Users/bryan/src/Aisle3/src-tauri/target/release/build/aisle3-650faa0d8cebc6e8/out/tauri-codegen-assets/5d4ed7158f7bce0a6b619158499cda266d5ea4d9422531dcaded3f2cbc543851.js": {"path":"/Users/bryan/src/Aisle3/src-tauri/target/release/build/aisle3-650faa0d8cebc6e8/out/tauri-codegen-assets/5d4ed7158f7bce0a6b619158499cda266d5ea4d9422531dcaded3f2cbc543851.js","all":true,"statementMap":{"0":{"start":{"line":1,"column":0},"end":{"line":1,"column":76}}},"s":{"0":0},"branchMap":{"0":{"type":"branch","line":1,"loc":{"start":{"line":1,"column":0},"end":{"line":1,"column":76}},"locations":[{"start":{"line":1,"column":0},"end":{"line":1,"column":76}}]}},"b":{"0":[0]},"fnMap":{"0":{"name":"(empty-report)","decl":{"start":{"line":1,"column":0},"end":{"line":1,"column":76}},"loc":{"start":{"line":1,"column":0},"end":{"line":1,"column":76}},"line":1}},"f":{"0":0}}
,"/Users/bryan/src/Aisle3/src-tauri/target/release/build/aisle3-650faa0d8cebc6e8/out/tauri-codegen-assets/5f29afdac4a92683ee2ff2c68e89c3ab3028f5c053409f8e014a41f7286e1589.js": {"path":"/Users/bryan/src/Aisle3/src-tauri/target/release/build/aisle3-650faa0d8cebc6e8/out/tauri-codegen-assets/5f29afdac4a92683ee2ff2c68e89c3ab3028f5c053409f8e014a41f7286e1589.js","all":true,"statementMap":{"0":{"start":{"line":1,"column":0},"end":{"line":1,"column":1547}},"1":{"start":{"line":2,"column":0},"end":{"line":2,"column":310}},"2":{"start":{"line":3,"column":0},"end":{"line":3,"column":91}},"3":{"start":{"line":4,"column":0},"end":{"line":4,"column":99}},"4":{"start":{"line":5,"column":0},"end":{"line":5,"column":1169}},"5":{"start":{"line":6,"column":0},"end":{"line":6,"column":1225}},"6":{"start":{"line":7,"column":0},"end":{"line":7,"column":118}},"7":{"start":{"line":8,"column":0},"end":{"line":8,"column":36}},"8":{"start":{"line":9,"column":0},"end":{"line":9,"column":279}},"9":{"start":{"line":10,"column":0},"end":{"line":10,"column":53}},"10":{"start":{"line":11,"column":0},"end":{"line":11,"column":69}},"11":{"start":{"line":12,"column":0},"end":{"line":12,"column":24}},"12":{"start":{"line":13,"column":0},"end":{"line":13,"column":1273}},"13":{"start":{"line":14,"column":0},"end":{"line":14,"column":43}},"14":{"start":{"line":15,"column":0},"end":{"line":15,"column":462}},"15":{"start":{"line":16,"column":0},"end":{"line":16,"column":163}},"16":{"start":{"line":17,"column":0},"end":{"line":17,"column":108}},"17":{"start":{"line":18,"column":0},"end":{"line":18,"column":494}},"18":{"start":{"line":19,"column":0},"end":{"line":19,"column":2}},"19":{"start":{"line":20,"column":0},"end":{"line":20,"column":82}},"20":{"start":{"line":21,"column":0},"end":{"line":21,"column":107}},"21":{"start":{"line":22,"column":0},"end":{"line":22,"column":314}},"22":{"start":{"line":23,"column":0},"end":{"line":23,"column":69}},"23":{"start":{"line":24,"column":0},"end":{"line":24,"column":229}},"24":{"start":{"line":25,"column":0},"end":{"line":25,"column":6}},"25":{"start":{"line":26,"column":0},"end":{"line":26,"column":1509}},"26":{"start":{"line":27,"column":0},"end":{"line":27,"column":387}},"27":{"start":{"line":28,"column":0},"end":{"line":28,"column":396}},"28":{"start":{"line":29,"column":0},"end":{"line":29,"column":814}}},"s":{"0":0,"1":0,"2":0,"3":0,"4":0,"5":0,"6":0,"7":0,"8":0,"9":0,"10":0,"11":0,"12":0,"13":0,"14":0,"15":0,"16":0,"17":0,"18":0,"19":0,"20":0,"21":0,"22":0,"23":0,"24":0,"25":0,"26":0,"27":0,"28":0},"branchMap":{"0":{"type":"branch","line":1,"loc":{"start":{"line":1,"column":0},"end":{"line":29,"column":814}},"locations":[{"start":{"line":1,"column":0},"end":{"line":29,"column":814}}]}},"b":{"0":[0]},"fnMap":{"0":{"name":"(empty-report)","decl":{"start":{"line":1,"column":0},"end":{"line":29,"column":814}},"loc":{"start":{"line":1,"column":0},"end":{"line":29,"column":814}},"line":1}},"f":{"0":0}}
,"/Users/bryan/src/Aisle3/src-tauri/target/release/build/aisle3-650faa0d8cebc6e8/out/tauri-codegen-assets/64652f3b18b383ed1ed6dd94cd495a7c49fb6f00cbe8f26928b677cbaadba7eb.js": {"path":"/Users/bryan/src/Aisle3/src-tauri/target/release/build/aisle3-650faa0d8cebc6e8/out/tauri-codegen-assets/64652f3b18b383ed1ed6dd94cd495a7c49fb6f00cbe8f26928b677cbaadba7eb.js","all":true,"statementMap":{"0":{"start":{"line":1,"column":0},"end":{"line":1,"column":75}}},"s":{"0":0},"branchMap":{"0":{"type":"branch","line":1,"loc":{"start":{"line":1,"column":0},"end":{"line":1,"column":75}},"locations":[{"start":{"line":1,"column":0},"end":{"line":1,"column":75}}]}},"b":{"0":[0]},"fnMap":{"0":{"name":"(empty-report)","decl":{"start":{"line":1,"column":0},"end":{"line":1,"column":75}},"loc":{"start":{"line":1,"column":0},"end":{"line":1,"column":75}},"line":1}},"f":{"0":0}}
,"/Users/bryan/src/Aisle3/src-tauri/target/release/build/aisle3-650faa0d8cebc6e8/out/tauri-codegen-assets/669516f1c74b4310df3e6bdbfbe7dbe7cc15bed98a0533c978f0b3af9d65527f.js": {"path":"/Users/bryan/src/Aisle3/src-tauri/target/release/build/aisle3-650faa0d8cebc6e8/out/tauri-codegen-assets/669516f1c74b4310df3e6bdbfbe7dbe7cc15bed98a0533c978f0b3af9d65527f.js","all":true,"statementMap":{"0":{"start":{"line":1,"column":0},"end":{"line":1,"column":525}},"1":{"start":{"line":2,"column":0},"end":{"line":2,"column":3}},"2":{"start":{"line":3,"column":0},"end":{"line":3,"column":79}},"3":{"start":{"line":4,"column":0},"end":{"line":4,"column":124}},"4":{"start":{"line":5,"column":0},"end":{"line":5,"column":1264}},"5":{"start":{"line":6,"column":0},"end":{"line":6,"column":259}},"6":{"start":{"line":7,"column":0},"end":{"line":7,"column":604}},"7":{"start":{"line":8,"column":0},"end":{"line":8,"column":338}},"8":{"start":{"line":9,"column":0},"end":{"line":9,"column":773}},"9":{"start":{"line":10,"column":0},"end":{"line":10,"column":151}},"10":{"start":{"line":11,"column":0},"end":{"line":11,"column":216}},"11":{"start":{"line":12,"column":0},"end":{"line":12,"column":120}},"12":{"start":{"line":13,"column":0},"end":{"line":13,"column":484}},"13":{"start":{"line":14,"column":0},"end":{"line":14,"column":213}},"14":{"start":{"line":15,"column":0},"end":{"line":15,"column":493}},"15":{"start":{"line":16,"column":0},"end":{"line":16,"column":625}},"16":{"start":{"line":17,"column":0},"end":{"line":17,"column":577}},"17":{"start":{"line":18,"column":0},"end":{"line":18,"column":48}},"18":{"start":{"line":19,"column":0},"end":{"line":19,"column":155}},"19":{"start":{"line":20,"column":0},"end":{"line":20,"column":354}},"20":{"start":{"line":21,"column":0},"end":{"line":21,"column":103}},"21":{"start":{"line":22,"column":0},"end":{"line":22,"column":35}},"22":{"start":{"line":23,"column":0},"end":{"line":23,"column":81}},"23":{"start":{"line":24,"column":0},"end":{"line":24,"column":108}},"24":{"start":{"line":25,"column":0},"end":{"line":25,"column":312}},"25":{"start":{"line":26,"column":0},"end":{"line":26,"column":69}},"26":{"start":{"line":27,"column":0},"end":{"line":27,"column":247}},"27":{"start":{"line":28,"column":0},"end":{"line":28,"column":312}},"28":{"start":{"line":29,"column":0},"end":{"line":29,"column":575}},"29":{"start"
[...]
,"/Users/bryan/src/Aisle3/src-tauri/target/release/build/aisle3-650faa0d8cebc6e8/out/tauri-codegen-assets/fb4e7b15bb8056b166ab9fe3bc9ba2cf5f5956877ecbdfaf4f19367954c83a53.js": {"path":"/Users/bryan/src/Aisle3/src-tauri/target/release/build/aisle3-650faa0d8cebc6e8/out/tauri-codegen-assets/fb4e7b15bb8056b166ab9fe3bc9ba2cf5f5956877ecbdfaf4f19367954c83a53.js","all":true,"statementMap":{"0":{"start":{"line":1,"column":0},"end":{"line":1,"column":24}},"1":{"start":{"line":2,"column":0},"end":{"line":2,"column":107}},"2":{"start":{"line":3,"column":0},"end":{"line":3,"column":218}},"3":{"start":{"line":4,"column":0},"end":{"line":4,"column":117}},"4":{"start":{"line":5,"column":0},"end":{"line":5,"column":225}},"5":{"start":{"line":6,"column":0},"end":{"line":6,"column":665}},"6":{"start":{"line":7,"column":0},"end":{"line":7,"column":13}},"7":{"start":{"line":8,"column":0},"end":{"line":8,"column":9}}},"s":{"0":0,"1":0,"2":0,"3":0,"4":0,"5":0,"6":0,"7":0},"branchMap":{"0":{"type":"branch","line":1,"loc":{"start":{"line":1,"column":0},"end":{"line":8,"column":9}},"locations":[{"start":{"line":1,"column":0},"end":{"line":8,"column":9}}]}},"b":{"0":[0]},"fnMap":{"0":{"name":"(empty-report)","decl":{"start":{"line":1,"column":0},"end":{"line":8,"column":9}},"loc":{"start":{"line":1,"column":0},"end":{"line":8,"column":9}},"line":1}},"f":{"0":0}}
,"/Users/bryan/src/Aisle3/src-tauri/target/release/build/aisle3-d061cfbbf67891dc/out/__global-api-script.js": {"path":"/Users/bryan/src/Aisle3/src-tauri/target/release/build/aisle3-d061cfbbf67891dc/out/__global-api-script.js","all":true,"statementMap":{"0":{"start":{"line":1,"column":0},"end":{"line":1,"column":213}}},"s":{"0":0},"branchMap":{"0":{"type":"branch","line":1,"loc":{"start":{"line":1,"column":0},"end":{"line":1,"column":213}},"locations":[{"start":{"line":1,"column":0},"end":{"line":1,"column":213}}]}},"b":{"0":[0]},"fnMap":{"0":{"name":"(empty-report)","decl":{"start":{"line":1,"column":0},"end":{"line":1,"column":213}},"loc":{"start":{"line":1,"column":0},"end":{"line":1,"column":213}},"line":1}},"f":{"0":0}}
,"/Users/bryan/src/Aisle3/src-tauri/target/release/build/aisle3-d061cfbbf67891dc/out/tauri-codegen-assets/01847872308d49c7e60b1319010e2044b33dfe53255638cac6f2410e6b421f57.js": {"path":"/Users/bryan/src/Aisle3/src-tauri/target/release/build/aisle3-d061cfbbf67891dc/out/tauri-codegen-assets/01847872308d49c7e60b1319010e2044b33dfe53255638cac6f2410e6b421f57.js","all":true,"statementMap":{"0":{"start":{"line":1,"column":0},"end":{"line":1,"column":309}}},"s":{"0":0},"branchMap":{"0":{"type":"branch","line":1,"loc":{"start":{"line":1,"column":0},"end":{"line":1,"column":309}},"locations":[{"start":{"line":1,"column":0},"end":{"line":1,"column":309}}]}},"b":{"0":[0]},"fnMap":{"0":{"name":"(empty-report)","decl":{"start":{"line":1,"column":0},"end":{"line":1,"column":309}},"loc":{"start":{"line":1,"column":0},"end":{"line":1,"column":309}},"line":1}},"f":{"0":0}}
,"/Users/bryan/src/Aisle3/src-tauri/target/release/build/aisle3-d061cfbbf67891dc/out/tauri-codegen-assets/0ebfb79632f785b627d28fa99aa221099ed477046ec9090f01bf5149ceeb024d.js": {"path":"/Users/bryan/src/Aisle3/src-tauri/target/release/build/aisle3-d061cfbbf67891dc/out/tauri-codegen-assets/0ebfb79632f785b627d28fa99aa221099ed477046ec9090f01bf5149ceeb024d.js","all":true,"statementMap":{"0":{"start":{"line":1,"column":0},"end":{"line":1,"column":288}}},"s":{"0":0},"branchMap":{"0":{"type":"branch","line":1,"loc":{"start":{"line":1,"column":0},"end":{"line":1,"column":288}},"locations":[{"start":{"line":1,"column":0},"end":{"line":1,"column":288}}]}},"b":{"0":[0]},"fnMap":{"0":{"name":"(empty-report)","decl":{"start":{"line":1,"column":0},"end":{"line":1,"column":288}},"loc":{"start":{"line":1,"column":0},"end":{"line":1,"column":288}},"line":1}},"f":{"0":0}}
,"/Users/bryan/src/Aisle3/src-tauri/target/release/build/aisle3-d061cfbbf67891dc/out/tauri-codegen-assets/29a3957960b1c35950d6c145fc4b1e21cce44fad8e144e5f832bada2f638f76f.js": {"path":"/Users/bryan/src/Aisle3/src-tauri/target/release/build/aisle3-d061cfbbf67891dc/out/tauri-codegen-assets/29a3957960b1c35950d6c145fc4b1e21cce44fad8e144e5f832bada2f638f76f.js","all":true,"statementMap":{"0":{"start":{"line":1,"column":0},"end":{"line":1,"column":23}}},"s":{"0":0},"branchMap":{"0":{"type":"branch","line":1,"loc":{"start":{"line":1,"column":0},"end":{"line":1,"column":23}},"locations":[{"start":{"line":1,"column":0},"end":{"line":1,"column":23}}]}},"b":{"0":[0]},"fnMap":{"0":{"name":"(empty-report)","decl":{"start":{"line":1,"column":0},"end":{"line":1,"column":23}},"loc":{"start":{"line":1,"column":0},"end":{"line":1,"column":23}},"line":1}},"f":{"0":0}}
,"/Users/bryan/src/Aisle3/src-tauri/target/release/build/aisle3-d061cfbbf67891dc/out/tauri-codegen-assets/506d53705a30e6e9d02f4b30a5820af2ce13062bd72fb141236debd9cf57238d.js": {"path":"/Users/bryan/src/Aisle3/src-tauri/target/release/build/aisle3-d061cfbbf67891dc/out/tauri-codegen-assets/506d53705a30e6e9d02f4b30a5820af2ce13062bd72fb141236debd9cf57238d.js","all":true,"statementMap":{"0":{"start":{"line":1,"column":0},"end":{"line":1,"column":1}},"1":{"start":{"line":2,"column":0},"end":{"line":2,"column":295}}},"s":{"0":0,"1":0},"branchMap":{"0":{"type":"branch","line":1,"loc":{"start":{"line":1,"column":0},"end":{"line":2,"column":295}},"locations":[{"start":{"line":1,"column":0},"end":{"line":2,"column":295}}]}},"b":{"0":[0]},"fnMap":{"0":{"name":"(empty-report)","decl":{"start":{"line":1,"column":0},"end":{"line":2,"column":295}},"loc":{"start":{"line":1,"column":0},"end":{"line":2,"column":295}},"line":1}},"f":{"0":0}}
,"/Users/bryan/src/Aisle3/src-tauri/target/release/build/aisle3-d061cfbbf67891dc/out/tauri-codegen-assets/5643268d98068b9ddaa047d317e28e5755befb03ae4ec8081c83582e8c06d3b7.js": {"path":"/Users/bryan/src/Aisle3/src-tauri/target/release/build/aisle3-d061cfbbf67891dc/out/tauri-codegen-assets/5643268d98068b9ddaa047d317e28e5755befb03ae4ec8081c83582e8c06d3b7.js","all":true,"statementMap":{"0":{"start":{"line":1,"column":0},"end":{"line":1,"column":510}}},"s":{"0":0},"branchMap":{"0":{"type":"branch","line":1,"loc":{"start":{"line":1,"column":0},"end":{"line":1,"column":510}},"locations":[{"start":{"line":1,"column":0},"end":{"line":1,"column":510}}]}},"b":{"0":[0]},"fnMap":{"0":{"name":"(empty-report)","decl":{"start":{"line":1,"column":0},"end":{"line":1,"column":510}},"loc":{"start":{"line":1,"column":0},"end":{"line":1,"column":510}},"line":1}},"f":{"0":0}}
,"/Users/bryan/src/Aisle3/src-tauri/target/release/build/aisle3-d061cfbbf67891dc/out/tauri-codegen-assets/78878ded25f6c192eab27bc802dc3b92d38266e5c8c6c9132dda6c3528d8c3c4.js": {"path":"/Users/bryan/src/Aisle3/src-tauri/target/release/build/aisle3-d061cfbbf67891dc/out/tauri-codegen-assets/78878ded25f6c192eab27bc802dc3b92d38266e5c8c6c9132dda6c3528d8c3c4.js","all":true,"statementMap":{"0":{"start":{"line":1,"column":0},"end":{"line":1,"column":177}},"1":{"start":{"line":2,"column":0},"end":{"line":2,"column":21}},"2":{"start":{"line":3,"column":0},"end":{"line":3,"column":94}},"3":{"start":{"line":4,"column":0},"end":{"line":4,"column":529}},"4":{"start":{"line":5,"column":0},"end":{"line":5,"column":302}},"5":{"start":{"line":6,"column":0},"end":{"line":6,"column":51}},"6":{"start":{"line":7,"column":0},"end":{"line":7,"column":156}},"7":{"start":{"line":8,"column":0},"end":{"line":8,"column":677}},"8":{"start":{"line":9,"column":0},"end":{"line":9,"column":8}},"9":{"start":{"line":10,"column":0},"end":{"line":10,"column":116}},"10":{"start":{"line":11,"column":0},"end":{"line":11,"column":403}},"11":{"start":{"line":12,"column":0},"end":{"line":12,"column":599}},"12":{"start":{"line":13,"column":0},"end":{"line":13,"column":663}},"13":{"start":{"line":14,"column":0},"end":{"line":14,"column":183}},"14":{"start":{"line":15,"column":0},"end":{"line":15,"column":44}},"15":{"start":{"line":16,"column":0},"end":{"line":16,"column":41}},"16":{"start":{"line":17,"column":0},"end":{"line":17,"column":320}},"17":{"start":{"line":18,"column":0},"end":{"line":18,"column":273}},"18":{"start":{"line":19,"column":0},"end":{"line":19,"column":727}},"19":{"start":{"line":20,"column":0},"end":{"line":20,"column":32}},"20":{"start":{"line":21,"column":0},"end":{"line":21,"column":32}},"21":{"start":{"line":22,"column":0},"end":{"line":22,"column":5}}},"s":{"0":0,"1":0,"2":0,"3":0,"4":0,"5":0,"6":0,"7":0,"8":0,"9":0,"10":0,"11":0,"12":0,"13":0,"14":0,"15":0,"16":0,"17":0,"18":0,"19":0,"20":0,"21":0},"branchMap":{"0":{"type":"branch","line":1,"loc":{"start":{"line":1,"column":0},"end":{"line":22,"column":5}},"locations":[{"start":{"line":1,"column":0},"end":{"line":22,"column":5}}]}},"b":{"0":[0]},"fnMap":{"0":{"name":"(empty-report)","decl":{"start":{"line":1,"column":0},"end":{"line":22,"column":5}},"loc":{"start":{"line":1,"column":0},"end":{"line":22,"column":5}},"line":1}},"f":{"0":0}}
,"/Users/bryan/src/Aisle3/src-tauri/target/release/build/aisle3-d061cfbbf67891dc/out/tauri-codegen-assets/7f32239875a6820ca8f5a97af641b66fa527586ee39ee45989e470faa1b4b401.js": {"path":"/Users/bryan/src/Aisle3/src-tauri/target/release/build/aisle3-d061cfbbf67891dc/out/tauri-codegen-assets/7f32239875a6820ca8f5a97af641b66fa527586ee39ee45989e470faa1b4b401.js","all":true,"statementMap":{"0":{"start":{"line":1,"column":0},"end":{"line":1,"column":283}},"1":{"start":{"line":2,"column":0},"end":{"line":2,"column":280}},"2":{"start":{"line":3,"column":0},"end":{"line":3,"column":676}},"3":{"start":{"line":4,"column":0},"end":{"line":4,"column":171}},"4":{"start":{"line":5,"column":0},"end":{"line":5,"column":1140}},"5":{"start":{"line":6,"column":0},"end":{"line":6,"column":65}},"6":{"start":{"line":7,"column":0},"end":{"line":7,"column":366}},"7":{"start":{"line":8,"column":0},"end":{"line":8,"column":56}},"8":{"start":{"line":9,"column":0},"end":{"line":9,"column":721}},"9":{"start":{"line":10,"column":0},"end":{"line":10,"column":216}},"10":{"start":{"line":11,"column":0},"end":{"line":11,"column":160}},"11":{"start":{"line":12,"column":0},"end":{"line":12,"column":448}},"12":{"start":{"line":13,"column":0},"end":{"line":13,"column":603}},"13":{"start":{"line":14,"column":0},"end":{"line":14,"column":187}},"14":{"start":{"line":15,"column":0},"end":{"line":15,"column":44}},"15":{"start":{"line":16,"column":0},"end":{"line":16,"column":324}},"16":{"start":{"line":17,"column":0},"end":{"line":17,"column":458}},"17":{"start":{"line":18,"column":0},"end":{"line":18,"column":525}},"18":{"start":{"line":19,"column":0},"end":{"line":19,"column":47}},"19":{"start":{"line":20,"column":0},"end":{"line":20,"column":596}},"20":{"start":{"line":21,"column":0},"end":{"line":21,"column":78}},"21":{"start":{"line":22,"column":0},"end":{"line":22,"column":104}},"22":{"start":{"line":23,"column":0},"end":{"line":23,"column":17}},"23":{"start":{"line":24,"column":0},"end":{"line":24,"column":795}},"24":{"start":{"line":25,"column":0},"end":{"line":25,"column":51}},"25":{"start":{"line":26,"column":0},"end":{"line":26,"column":284}},"26":{"start":{"line":27,"column":0},"end":{"line":27,"column":930}},"27":{"start":{"line":28,"column":0},"end":{"line":28,"column":476}},"28":{"start":{"line":29,"column":0},"end":{"line":29,"column":602}},"29":{"start":{"line":30,"column":0},"end":{"line":30,"column":818}}},"s":{"0":0,"1":0,"2":0,"3":0,"4":0,"5":0,"6":0,"7":0,"8":0,"9":0,"10":0,"11":0,"12":0,"13":0,"14":0,"15":0,"16":0,"17":0,"18":0,"19":0,"20":0,"21":0,"22":0,"23":0,"24":0,"25":0,"26":0,"27":0,"28":0,"29":0},"branchMap":{"0":{"type":"branch","line":1,"loc":{"start":{"line":1,"column":0},"end":{"line":30,"column":818}},"locations":[{"start":{"line":1,"column":0},"end":{"line":30,"column":818}}]}},"b":{"0":[0]},"fnMap":{"0":{"name":"(empty-report)","decl":{"start":{"line":1,"column":0},"end":{"line":30,"column":818}},"loc":{"start":{"line":1,"column":0},"end":{"line":30,"column":818}},"line":1}},"f":{"0":0}}
,"/Users/bryan/src/Aisle3/src-tauri/target/release/build/aisle3-d061cfbbf67891dc/out/tauri-codegen-assets/97337f5a5c466ceed3f651bd7e92914ebf64ace4deaacd46a7830eb068486e8e.js": {"path":"/Users/bryan/src/Aisle3/src-tauri/target/release/build/aisle3-d061cfbbf67891dc/out/tauri-codegen-assets/97337f5a5c466ceed3f651bd7e92914ebf64ace4deaacd46a7830eb068486e8e.js","all":true,"statementMap":{"0":{"start":{"line":1,"column":0},"end":{"line":1,"column":105}},"1":{"start":{"line":2,"column":0},"end":{"line":2,"column":24}},"2":{"start":{"line":3,"column":0},"end":{"line":3,"column":89}}},"s":{"0":0,"1":0,"2":0},"branchMap":{"0":{"type":"branch","line":1,"loc":{"start":{"line":1,"column":0},"end":{"line":3,"column":89}},"locations":[{"start":{"line":1,"column":0},"end":{"line":3,"column":89}}]}},"b":{"0":[0]},"fnMap":{"0":{"name":"(empty-report)","decl":{"start":{"line":1,"column":0},"end":{"line":3,"column":89}},"loc":{"start":{"line":1,"column":0},"end":{"line":3,"column":89}},"line":1}},"f":{"0":0}}
,"/Users/bryan/src/Aisle3/src-tauri/target/release/build/aisle3-d061cfbbf67891dc/out/tauri-codegen-assets/9864a4ff96bdb3640c4c1d90013656bca9fae10b8b6b76bae966f3d132d96d2d.js": {"path":"/Users/bryan/src/Aisle3/src-tauri/target/release/build/aisle3-d061cfbbf67891dc/out/tauri-codegen-assets/9864a4ff96bdb3640c4c1d90013656bca9fae10b8b6b76bae966f3d132d96d2d.js","all":true,"statementMap":{"0":{"start":{"line":1,"column":0},"end":{"line":1,"column":43}},"1":{"start":{"line":2,"column":0},"end":{"line":2,"column":334}}},"s":{"0":0,"1":0},"branchMap":{"0":{"type":"branch","line":1,"loc":{"start":{"line":1,"column":0},"end":{"line":2,"column":334}},"locations":[{"start":{"line":1,"column":0},"end":{"line":2,"column":334}}]}},"b":{"0":[0]},"fnMap":{"0":{"name":"(empty-report)","decl":{"start":{"line":1,"column":0},"end":{"line":2,"column":334}},"loc":{"start":{"line":1,"column":0},"end":{"line":2,"column":334}},"line":1}},"f":{"0":0}}
,"/Users/bryan/src/Aisle3/src-tauri/target/release/build/aisle3-d061cfbbf67891dc/out/tauri-codegen-assets/b3839ce70113d0348f046c83ea996131cfd9aa9af1f634c57edcfee851bcabc1.js": {"path":"/Users/bryan/src/Aisle3/src-tauri/target/release/build/aisle3-d061cfbbf67891dc/out/tauri-codegen-assets/b3839ce70113d0348f046c83ea996131cfd9aa9af1f634c57edcfee851bcabc1.js","all":true,"statementMap":{"0":{"start":{"line":1,"column":0},"end":{"line":1,"column":401}},"1":{"start":{"line":2,"column":0},"end":{"line":2,"column":19}},"2":{"start":{"line":3,"column":0},"end":{"line":3,"column":116}},"3":{"start":{"line":4,"column":0},"end":{"line":4,"column":168}},"4":{"start":{"line":5,"column":0},"end":{"line":5,"column":141}},"5":{"start":{"line":6,"column":0},"end":{"line":6,"column":285}},"6":{"start":{"line":7,"column":0},"end":{"line":7,"column":169}},"7":{"start":{"line":8,"column":0},"end":{"line":8,"column":299}},"8":{"start":{"line":9,"column":0},"end":{"line":9,"column":291}},"9":{"start":{"line":10,"column":0},"end":{"line":10,"column":7}},"10":{"start":{"line":11,"column":0},"end":{"line":11,"column":236}},"11":{"start":{"line":12,"column":0},"end":{"line":12,"column":18}},"12":{"start":{"line":13,"column":0},"end":{"line":13,"column":264}},"13":{"start":{"line":14,"column":0},"end":{"line":14,"column":18}},"14":{"start":{"line":15,"column":0},"end":{"line":15,"column":654}}},"s":{"0":0,"1":0,"2":0,"3":0,"4":0,"5":0,"6":0,"7":0,"8":0,"9":0,"10":0,"11":0,"12":0,"13":0,"14":0},"branchMap":{"0":{"type":"branch","line":1,"loc":{"start":{"line":1,"column":0},"end":{"line":15,"column":654}},"locations":[{"start":{"line":1,"column":0},"end":{"line":15,"column":654}}]}},"b":{"0":[0]},"fnMap":{"0":{"name":"(empty-report)","decl":{"start":{"line":1,"column":0},"end":{"line":15,"column":654}},"loc":{"start":{"line":1,"column":0},"end":{"line":15,"column":654}},"line":1}},"f":{"0":0}}
,"/Users/bryan/src/Aisle3/src-tauri/target/release/build/aisle3-d061cfbbf67891dc/out/tauri-codegen-assets/c109cd95bea89d8c266a6084e7f04212bcf555cb22e5fd30989679c4002e84c7.js": {"path":"/Users/bryan/src/Aisle3/src-tauri/target/release/build/aisle3-d061cfbbf67891dc/out/tauri-codegen-assets/c109cd95bea89d8c266a6084e7f04212bcf555cb22e5fd30989679c4002e84c7.js","all":true,"statementMap":{"0":{"start":{"line":1,"column":0},"end":{"line":1,"column":35}},"1":{"start":{"line":2,"column":0},"end":{"line":2,"column":34}}},"s":{"0":0,"1":0},"branchMap":{"0":{"type":"branch","line":1,"loc":{"start":{"line":1,"column":0},"end":{"line":2,"column":34}},"locations":[{"start":{"line":1,"column":0},"end":{"line":2,"column":34}}]}},"b":{"0":[0]},"fnMap":{"0":{"name":"(empty-report)","decl":{"start":{"line":1,"column":0},"end":{"line":2,"column":34}},"loc":{"start":{"line":1,"column":0},"end":{"line":2,"column":34}},"line":1}},"f":{"0":0}}
,"/Users/bryan/src/Aisle3/src-tauri/target/release/build/aisle3-d061cfbbf67891dc/out/tauri-codegen-assets/e74bc76fedee15c8ba2c49739c47ae135b14a6a25afc32e299a12ab02926269f.js": {"path":"/Users/bryan/src/Aisle3/src-tauri/target/release/build/aisle3-d061cfbbf67891dc/out/tauri-codegen-assets/e74bc76fedee15c8ba2c49739c47ae135b14a6a25afc32e299a12ab02926269f.js","all":true,"statementMap":{"0":{"start":{"line":1,"column":0},"end":{"line":1,"column":20}},"1":{"start":{"line":2,"column":0},"end":{"line":2,"column":127}},"2":{"start":{"line":3,"column":0},"end":{"line":3,"column":93}},"3":{"start":{"line":4,"column":0},"end":{"line":4,"column":154}},"4":{"start":{"line":5,"column":0},"end":{"line":5,"column":40}},"5":{"start":{"line":6,"column":0},"end":{"line":6,"column":125}},"6":{"start":{"line":7,"column":0},"end":{"line":7,"column":190}}},"s":{"0":0,"1":0,"2":0,"3":0,"4":0,"5":0,"6":0},"branchMap":{"0":{"type":"branch","line":1,"loc":{"start":{"line":1,"column":0},"end":{"line":7,"column":190}},"locations":[{"start":{"line":1,"column":0},"end":{"line":7,"column":190}}]}},"b":{"0":[0]},"fnMap":{"0":{"name":"(empty-report)","decl":{"start":{"line":1,"column":0},"end":{"line":7,"column":190}},"loc":{"start":{"line":1,"column":0},"end":{"line":7,"column":190}},"line":1}},"f":{"0":0}}
,"/Users/bryan/src/Aisle3/src-tauri/target/release/build/aisle3-d061cfbbf67891dc/out/tauri-codegen-assets/fb4e7b15bb8056b166ab9fe3bc9ba2cf5f5956877ecbdfaf4f19367954c83a53.js": {"path":"/Users/bryan/src/Aisle3/src-tauri/target/release/build/aisle3-d061cfbbf67891dc/out/tauri-codegen-assets/fb4e7b15bb8056b166ab9fe3bc9ba2cf5f5956877ecbdfaf4f19367954c83a53.js","all":true,"statementMap":{"0":{"start":{"line":1,"column":0},"end":{"line":1,"column":24}},"1":{"start":{"line":2,"column":0},"end":{"line":2,"column":107}},"2":{"start":{"line":3,"column":0},"end":{"line":3,"column":218}},"3":{"start":{"line":4,"column":0},"end":{"line":4,"column":117}},"4":{"start":{"line":5,"column":0},"end":{"line":5,"column":225}},"5":{"start":{"line":6,"column":0},"end":{"line":6,"column":665}},"6":{"start":{"line":7,"column":0},"end":{"line":7,"column":13}},"7":{"start":{"line":8,"column":0},"end":{"line":8,"column":9}}},"s":{"0":0,"1":0,"2":0,"3":0,"4":0,"5":0,"6":0,"7":0},"branchMap":{"0":{"type":"branch","line":1,"loc":{"start":{"line":1,"column":0},"end":{"line":8,"column":9}},"locations":[{"start":{"line":1,"column":0},"end":{"line":8,"column":9}}]}},"b":{"0":[0]},"fnMap":{"0":{"name":"(empty-report)","decl":{"start":{"line":1,"column":0},"end":{"line":8,"column":9}},"loc":{"start":{"line":1,"column":0},"end":{"line":8,"column":9}},"line":1}},"f":{"0":0}}
}
